{"total": {"lines":{"total":3208,"covered":2206,"skipped":0,"pct":68.76},"statements":{"total":3208,"covered":2206,"skipped":0,"pct":68.76},"functions":{"total":130,"covered":81,"skipped":0,"pct":62.3},"branches":{"total":486,"covered":391,"skipped":0,"pct":80.45},"branchesTrue":{"total":0,"covered":0,"skipped":0,"pct":100}}
,"C:\\xampp\\htdocs\\ecommerce-react-shopify\\src\\components\\cart\\Cart.tsx": {"lines":{"total":236,"covered":204,"skipped":0,"pct":86.44},"functions":{"total":10,"covered":3,"skipped":0,"pct":30},"statements":{"total":236,"covered":204,"skipped":0,"pct":86.44},"branches":{"total":16,"covered":12,"skipped":0,"pct":75}}
,"C:\\xampp\\htdocs\\ecommerce-react-shopify\\src\\components\\cart\\MoreFromArtist.tsx": {"lines":{"total":82,"covered":0,"skipped":0,"pct":0},"functions":{"total":1,"covered":0,"skipped":0,"pct":0},"statements":{"total":82,"covered":0,"skipped":0,"pct":0},"branches":{"total":1,"covered":0,"skipped":0,"pct":0}}
,"C:\\xampp\\htdocs\\ecommerce-react-shopify\\src\\components\\cart\\YouMayAlsoLike.tsx": {"lines":{"total":150,"covered":103,"skipped":0,"pct":68.66},"functions":{"total":5,"covered":1,"skipped":0,"pct":20},"statements":{"total":150,"covered":103,"skipped":0,"pct":68.66},"branches":{"total":7,"covered":4,"skipped":0,"pct":57.14}}
,"C:\\xampp\\htdocs\\ecommerce-react-shopify\\src\\components\\checkout\\ShopifyCheckoutButton.tsx": {"lines":{"total":58,"covered":55,"skipped":0,"pct":94.82},"functions":{"total":3,"covered":3,"skipped":0,"pct":100},"statements":{"total":58,"covered":55,"skipped":0,"pct":94.82},"branches":{"total":12,"covered":11,"skipped":0,"pct":91.66}}
,"C:\\xampp\\htdocs\\ecommerce-react-shopify\\src\\components\\home\\ArtistCircles.tsx": {"lines":{"total":82,"covered":82,"skipped":0,"pct":100},"functions":{"total":4,"covered":3,"skipped":0,"pct":75},"statements":{"total":82,"covered":82,"skipped":0,"pct":100},"branches":{"total":26,"covered":25,"skipped":0,"pct":96.15}}
,"C:\\xampp\\htdocs\\ecommerce-react-shopify\\src\\components\\layout\\Footer.tsx": {"lines":{"total":76,"covered":0,"skipped":0,"pct":0},"functions":{"total":1,"covered":0,"skipped":0,"pct":0},"statements":{"total":76,"covered":0,"skipped":0,"pct":0},"branches":{"total":1,"covered":0,"skipped":0,"pct":0}}
,"C:\\xampp\\htdocs\\ecommerce-react-shopify\\src\\components\\layout\\Header.tsx": {"lines":{"total":197,"covered":189,"skipped":0,"pct":95.93},"functions":{"total":12,"covered":4,"skipped":0,"pct":33.33},"statements":{"total":197,"covered":189,"skipped":0,"pct":95.93},"branches":{"total":26,"covered":19,"skipped":0,"pct":73.07}}
,"C:\\xampp\\htdocs\\ecommerce-react-shopify\\src\\components\\layout\\ShippingBanner.tsx": {"lines":{"total":49,"covered":49,"skipped":0,"pct":100},"functions":{"total":2,"covered":2,"skipped":0,"pct":100},"statements":{"total":49,"covered":49,"skipped":0,"pct":100},"branches":{"total":4,"covered":4,"skipped":0,"pct":100}}
,"C:\\xampp\\htdocs\\ecommerce-react-shopify\\src\\components\\newsletter\\NewsletterForm.tsx": {"lines":{"total":131,"covered":123,"skipped":0,"pct":93.89},"functions":{"total":4,"covered":4,"skipped":0,"pct":100},"statements":{"total":131,"covered":123,"skipped":0,"pct":93.89},"branches":{"total":19,"covered":13,"skipped":0,"pct":68.42}}
,"C:\\xampp\\htdocs\\ecommerce-react-shopify\\src\\components\\product\\FrameIcon.tsx": {"lines":{"total":29,"covered":29,"skipped":0,"pct":100},"functions":{"total":1,"covered":1,"skipped":0,"pct":100},"statements":{"total":29,"covered":29,"skipped":0,"pct":100},"branches":{"total":5,"covered":5,"skipped":0,"pct":100}}
,"C:\\xampp\\htdocs\\ecommerce-react-shopify\\src\\components\\product\\FramePreview.tsx": {"lines":{"total":75,"covered":75,"skipped":0,"pct":100},"functions":{"total":3,"covered":2,"skipped":0,"pct":66.66},"statements":{"total":75,"covered":75,"skipped":0,"pct":100},"branches":{"total":17,"covered":16,"skipped":0,"pct":94.11}}
,"C:\\xampp\\htdocs\\ecommerce-react-shopify\\src\\components\\product\\ProductCard.tsx": {"lines":{"total":99,"covered":97,"skipped":0,"pct":97.97},"functions":{"total":3,"covered":2,"skipped":0,"pct":66.66},"statements":{"total":99,"covered":97,"skipped":0,"pct":97.97},"branches":{"total":30,"covered":26,"skipped":0,"pct":86.66}}
,"C:\\xampp\\htdocs\\ecommerce-react-shopify\\src\\components\\reviews\\ReviewList.tsx": {"lines":{"total":113,"covered":0,"skipped":0,"pct":0},"functions":{"total":1,"covered":0,"skipped":0,"pct":0},"statements":{"total":113,"covered":0,"skipped":0,"pct":0},"branches":{"total":1,"covered":0,"skipped":0,"pct":0}}
,"C:\\xampp\\htdocs\\ecommerce-react-shopify\\src\\components\\reviews\\StarRating.tsx": {"lines":{"total":91,"covered":90,"skipped":0,"pct":98.9},"functions":{"total":3,"covered":3,"skipped":0,"pct":100},"statements":{"total":91,"covered":90,"skipped":0,"pct":98.9},"branches":{"total":16,"covered":15,"skipped":0,"pct":93.75}}
,"C:\\xampp\\htdocs\\ecommerce-react-shopify\\src\\components\\seo\\MetaTags.tsx": {"lines":{"total":99,"covered":99,"skipped":0,"pct":100},"functions":{"total":4,"covered":4,"skipped":0,"pct":100},"statements":{"total":99,"covered":99,"skipped":0,"pct":100},"branches":{"total":20,"covered":19,"skipped":0,"pct":95}}
,"C:\\xampp\\htdocs\\ecommerce-react-shopify\\src\\components\\ui\\BeforeAfterSlider.tsx": {"lines":{"total":136,"covered":0,"skipped":0,"pct":0},"functions":{"total":1,"covered":0,"skipped":0,"pct":0},"statements":{"total":136,"covered":0,"skipped":0,"pct":0},"branches":{"total":1,"covered":0,"skipped":0,"pct":0}}
,"C:\\xampp\\htdocs\\ecommerce-react-shopify\\src\\context\\CartContext.tsx": {"lines":{"total":191,"covered":160,"skipped":0,"pct":83.76},"functions":{"total":10,"covered":8,"skipped":0,"pct":80},"statements":{"total":191,"covered":160,"skipped":0,"pct":83.76},"branches":{"total":45,"covered":38,"skipped":0,"pct":84.44}}
,"C:\\xampp\\htdocs\\ecommerce-react-shopify\\src\\context\\ProductsContext.tsx": {"lines":{"total":12,"covered":7,"skipped":0,"pct":58.33},"functions":{"total":2,"covered":1,"skipped":0,"pct":50},"statements":{"total":12,"covered":7,"skipped":0,"pct":58.33},"branches":{"total":2,"covered":1,"skipped":0,"pct":50}}
,"C:\\xampp\\htdocs\\ecommerce-react-shopify\\src\\data\\products.ts": {"lines":{"total":69,"covered":69,"skipped":0,"pct":100},"functions":{"total":4,"covered":4,"skipped":0,"pct":100},"statements":{"total":69,"covered":69,"skipped":0,"pct":100},"branches":{"total":22,"covered":17,"skipped":0,"pct":77.27}}
,"C:\\xampp\\htdocs\\ecommerce-react-shopify\\src\\lib\\createPersistedStore.ts": {"lines":{"total":84,"covered":66,"skipped":0,"pct":78.57},"functions":{"total":9,"covered":7,"skipped":0,"pct":77.77},"statements":{"total":84,"covered":66,"skipped":0,"pct":78.57},"branches":{"total":17,"covered":12,"skipped":0,"pct":70.58}}
,"C:\\xampp\\htdocs\\ecommerce-react-shopify\\src\\pages\\Checkout.tsx": {"lines":{"total":92,"covered":92,"skipped":0,"pct":100},"functions":{"total":3,"covered":3,"skipped":0,"pct":100},"statements":{"total":92,"covered":92,"skipped":0,"pct":100},"branches":{"total":15,"covered":15,"skipped":0,"pct":100}}
,"C:\\xampp\\htdocs\\ecommerce-react-shopify\\src\\pages\\Home.tsx": {"lines":{"total":166,"covered":159,"skipped":0,"pct":95.78},"functions":{"total":6,"covered":5,"skipped":0,"pct":83.33},"statements":{"total":166,"covered":159,"skipped":0,"pct":95.78},"branches":{"total":38,"covered":32,"skipped":0,"pct":84.21}}
,"C:\\xampp\\htdocs\\ecommerce-react-shopify\\src\\pages\\Product.tsx": {"lines":{"total":393,"covered":340,"skipped":0,"pct":86.51},"functions":{"total":12,"covered":6,"skipped":0,"pct":50},"statements":{"total":393,"covered":340,"skipped":0,"pct":86.51},"branches":{"total":100,"covered":81,"skipped":0,"pct":81}}
,"C:\\xampp\\htdocs\\ecommerce-react-shopify\\src\\services\\fulfillment\\index.ts": {"lines":{"total":12,"covered":0,"skipped":0,"pct":0},"functions":{"total":1,"covered":0,"skipped":0,"pct":0},"statements":{"total":12,"covered":0,"skipped":0,"pct":0},"branches":{"total":1,"covered":0,"skipped":0,"pct":0}}
,"C:\\xampp\\htdocs\\ecommerce-react-shopify\\src\\services\\fulfillment\\printful.ts": {"lines":{"total":210,"covered":0,"skipped":0,"pct":0},"functions":{"total":1,"covered":1,"skipped":0,"pct":100},"statements":{"total":210,"covered":0,"skipped":0,"pct":0},"branches":{"total":1,"covered":1,"skipped":0,"pct":100}}
,"C:\\xampp\\htdocs\\ecommerce-react-shopify\\src\\services\\fulfillment\\types.ts": {"lines":{"total":11,"covered":0,"skipped":0,"pct":0},"functions":{"total":1,"covered":1,"skipped":0,"pct":100},"statements":{"total":11,"covered":0,"skipped":0,"pct":0},"branches":{"total":1,"covered":1,"skipped":0,"pct":100}}
,"C:\\xampp\\htdocs\\ecommerce-react-shopify\\src\\utils\\analytics.ts": {"lines":{"total":163,"covered":38,"skipped":0,"pct":23.31},"functions":{"total":13,"covered":5,"skipped":0,"pct":38.46},"statements":{"total":163,"covered":38,"skipped":0,"pct":23.31},"branches":{"total":15,"covered":5,"skipped":0,"pct":33.33}}
,"C:\\xampp\\htdocs\\ecommerce-react-shopify\\src\\utils\\cn.ts": {"lines":{"total":5,"covered":5,"skipped":0,"pct":100},"functions":{"total":1,"covered":1,"skipped":0,"pct":100},"statements":{"total":5,"covered":5,"skipped":0,"pct":100},"branches":{"total":3,"covered":3,"skipped":0,"pct":100}}
,"C:\\xampp\\htdocs\\ecommerce-react-shopify\\src\\utils\\images.ts": {"lines":{"total":97,"covered":75,"skipped":0,"pct":77.31},"functions":{"total":9,"covered":7,"skipped":0,"pct":77.77},"statements":{"total":97,"covered":75,"skipped":0,"pct":77.31},"branches":{"total":24,"covered":16,"skipped":0,"pct":66.66}}
}
