{"C:\\xampp\\htdocs\\ecommerce-react-shopify\\src\\components\\cart\\Cart.tsx": {"path":"C:\\xampp\\htdocs\\ecommerce-react-shopify\\src\\components\\cart\\Cart.tsx","all":false,"statementMap":{"0":{"start":{"line":1,"column":0},"end":{"line":1,"column":32}},"30":{"start":{"line":31,"column":0},"end":{"line":31,"column":45}},"31":{"start":{"line":32,"column":0},"end":{"line":32,"column":24}},"32":{"start":{"line":33,"column":0},"end":{"line":33,"column":27}},"33":{"start":{"line":34,"column":0},"end":{"line":34,"column":27}},"34":{"start":{"line":35,"column":0},"end":{"line":35,"column":28}},"35":{"start":{"line":36,"column":0},"end":{"line":36,"column":1}},"37":{"start":{"line":38,"column":0},"end":{"line":38,"column":32}},"38":{"start":{"line":39,"column":0},"end":{"line":39,"column":44}},"39":{"start":{"line":40,"column":0},"end":{"line":40,"column":36}},"40":{"start":{"line":41,"column":0},"end":{"line":41,"column":63}},"41":{"start":{"line":42,"column":0},"end":{"line":42,"column":73}},"44":{"start":{"line":45,"column":0},"end":{"line":45,"column":38}},"45":{"start":{"line":46,"column":0},"end":{"line":46,"column":34}},"47":{"start":{"line":48,"column":0},"end":{"line":48,"column":28}},"48":{"start":{"line":49,"column":0},"end":{"line":49,"column":26}},"50":{"start":{"line":51,"column":0},"end":{"line":51,"column":9}},"52":{"start":{"line":53,"column":0},"end":{"line":53,"column":54}},"53":{"start":{"line":54,"column":0},"end":{"line":54,"column":28}},"54":{"start":{"line":55,"column":0},"end":{"line":55,"column":36}},"55":{"start":{"line":56,"column":0},"end":{"line":56,"column":33}},"56":{"start":{"line":57,"column":0},"end":{"line":57,"column":11}},"57":{"start":{"line":58,"column":0},"end":{"line":58,"column":7}},"60":{"start":{"line":61,"column":0},"end":{"line":61,"column":40}},"61":{"start":{"line":62,"column":0},"end":{"line":62,"column":21}},"62":{"start":{"line":63,"column":0},"end":{"line":63,"column":45}},"63":{"start":{"line":64,"column":0},"end":{"line":64,"column":69}},"64":{"start":{"line":65,"column":0},"end":{"line":65,"column":31}},"65":{"start":{"line":66,"column":0},"end":{"line":66,"column":5}},"66":{"start":{"line":67,"column":0},"end":{"line":67,"column":3}},"68":{"start":{"line":69,"column":0},"end":{"line":69,"column":10}},"69":{"start":{"line":70,"column":0},"end":{"line":70,"column":6}},"71":{"start":{"line":72,"column":0},"end":{"line":72,"column":11}},"72":{"start":{"line":73,"column":0},"end":{"line":73,"column":85}},"73":{"start":{"line":74,"column":0},"end":{"line":74,"column":66}},"74":{"start":{"line":75,"column":0},"end":{"line":75,"column":11}},"75":{"start":{"line":76,"column":0},"end":{"line":76,"column":57}},"76":{"start":{"line":77,"column":0},"end":{"line":77,"column":8}},"79":{"start":{"line":80,"column":0},"end":{"line":80,"column":11}},"80":{"start":{"line":81,"column":0},"end":{"line":81,"column":157}},"81":{"start":{"line":82,"column":0},"end":{"line":82,"column":55}},"82":{"start":{"line":83,"column":0},"end":{"line":83,"column":11}},"85":{"start":{"line":86,"column":0},"end":{"line":86,"column":94}},"86":{"start":{"line":87,"column":0},"end":{"line":87,"column":62}},"87":{"start":{"line":88,"column":0},"end":{"line":88,"column":33}},"88":{"start":{"line":89,"column":0},"end":{"line":89,"column":15}},"89":{"start":{"line":90,"column":0},"end":{"line":90,"column":17}},"90":{"start":{"line":91,"column":0},"end":{"line":91,"column":61}},"91":{"start":{"line":92,"column":0},"end":{"line":92,"column":88}},"92":{"start":{"line":93,"column":0},"end":{"line":93,"column":35}},"94":{"start":{"line":95,"column":0},"end":{"line":95,"column":110}},"95":{"start":{"line":96,"column":0},"end":{"line":96,"column":108}},"96":{"start":{"line":97,"column":0},"end":{"line":97,"column":18}},"97":{"start":{"line":98,"column":0},"end":{"line":98,"column":19}},"98":{"start":{"line":99,"column":0},"end":{"line":99,"column":14}},"101":{"start":{"line":102,"column":0},"end":{"line":102,"column":69}},"102":{"start":{"line":103,"column":0},"end":{"line":103,"column":33}},"103":{"start":{"line":104,"column":0},"end":{"line":104,"column":47}},"104":{"start":{"line":105,"column":0},"end":{"line":105,"column":112}},"105":{"start":{"line":106,"column":0},"end":{"line":106,"column":109}},"106":{"start":{"line":107,"column":0},"end":{"line":107,"column":136}},"107":{"start":{"line":108,"column":0},"end":{"line":108,"column":22}},"108":{"start":{"line":109,"column":0},"end":{"line":109,"column":20}},"109":{"start":{"line":110,"column":0},"end":{"line":110,"column":60}},"111":{"start":{"line":112,"column":0},"end":{"line":112,"column":18}},"112":{"start":{"line":113,"column":0},"end":{"line":113,"column":51}},"114":{"start":{"line":115,"column":0},"end":{"line":115,"column":18}},"115":{"start":{"line":116,"column":0},"end":{"line":116,"column":18}},"117":{"start":{"line":118,"column":0},"end":{"line":118,"column":39}},"118":{"start":{"line":119,"column":0},"end":{"line":119,"column":34}},"119":{"start":{"line":120,"column":0},"end":{"line":120,"column":73}},"122":{"start":{"line":123,"column":0},"end":{"line":123,"column":58}},"123":{"start":{"line":124,"column":0},"end":{"line":124,"column":28}},"124":{"start":{"line":125,"column":0},"end":{"line":125,"column":39}},"125":{"start":{"line":126,"column":0},"end":{"line":126,"column":38}},"126":{"start":{"line":127,"column":0},"end":{"line":127,"column":40}},"127":{"start":{"line":128,"column":0},"end":{"line":128,"column":38}},"128":{"start":{"line":129,"column":0},"end":{"line":129,"column":29}},"129":{"start":{"line":130,"column":0},"end":{"line":130,"column":31}},"130":{"start":{"line":131,"column":0},"end":{"line":131,"column":31}},"131":{"start":{"line":132,"column":0},"end":{"line":132,"column":36}},"132":{"start":{"line":133,"column":0},"end":{"line":133,"column":28}},"133":{"start":{"line":134,"column":0},"end":{"line":134,"column":20}},"134":{"start":{"line":135,"column":0},"end":{"line":135,"column":46}},"135":{"start":{"line":136,"column":0},"end":{"line":136,"column":47}},"136":{"start":{"line":137,"column":0},"end":{"line":137,"column":17}},"138":{"start":{"line":139,"column":0},"end":{"line":139,"column":24}},"139":{"start":{"line":140,"column":0},"end":{"line":140,"column":22}},"140":{"start":{"line":141,"column":0},"end":{"line":141,"column":34}},"141":{"start":{"line":142,"column":0},"end":{"line":142,"column":55}},"143":{"start":{"line":144,"column":0},"end":{"line":144,"column":48}},"145":{"start":{"line":146,"column":0},"end":{"line":146,"column":27}},"146":{"start":{"line":147,"column":0},"end":{"line":147,"column":77}},"147":{"start":{"line":148,"column":0},"end":{"line":148,"column":44}},"148":{"start":{"line":149,"column":0},"end":{"line":149,"column":73}},"149":{"start":{"line":150,"column":0},"end":{"line":150,"column":111}},"150":{"start":{"line":151,"column":0},"end":{"line":151,"column":32}},"151":{"start":{"line":152,"column":0},"end":{"line":152,"column":60}},"152":{"start":{"line":153,"column":0},"end":{"line":153,"column":96}},"153":{"start":{"line":154,"column":0},"end":{"line":154,"column":26}},"155":{"start":{"line":156,"column":0},"end":{"line":156,"column":28}},"156":{"start":{"line":157,"column":0},"end":{"line":157,"column":64}},"157":{"start":{"line":158,"column":0},"end":{"line":158,"column":42}},"158":{"start":{"line":159,"column":0},"end":{"line":159,"column":64}},"159":{"start":{"line":160,"column":0},"end":{"line":160,"column":26}},"160":{"start":{"line":161,"column":0},"end":{"line":161,"column":29}},"162":{"start":{"line":163,"column":0},"end":{"line":163,"column":54}},"164":{"start":{"line":165,"column":0},"end":{"line":165,"column":29}},"165":{"start":{"line":166,"column":0},"end":{"line":166,"column":79}},"166":{"start":{"line":167,"column":0},"end":{"line":167,"column":46}},"167":{"start":{"line":168,"column":0},"end":{"line":168,"column":75}},"168":{"start":{"line":169,"column":0},"end":{"line":169,"column":59}},"170":{"start":{"line":171,"column":0},"end":{"line":171,"column":103}},"171":{"start":{"line":172,"column":0},"end":{"line":172,"column":40}},"172":{"start":{"line":173,"column":0},"end":{"line":173,"column":31}},"173":{"start":{"line":174,"column":0},"end":{"line":174,"column":31}},"174":{"start":{"line":175,"column":0},"end":{"line":175,"column":68}},"175":{"start":{"line":176,"column":0},"end":{"line":176,"column":39}},"176":{"start":{"line":177,"column":0},"end":{"line":177,"column":28}},"178":{"start":{"line":179,"column":0},"end":{"line":179,"column":65}},"179":{"start":{"line":180,"column":0},"end":{"line":180,"column":39}},"180":{"start":{"line":181,"column":0},"end":{"line":181,"column":28}},"182":{"start":{"line":183,"column":0},"end":{"line":183,"column":72}},"183":{"start":{"line":184,"column":0},"end":{"line":184,"column":79}},"184":{"start":{"line":185,"column":0},"end":{"line":185,"column":35}},"185":{"start":{"line":186,"column":0},"end":{"line":186,"column":40}},"186":{"start":{"line":187,"column":0},"end":{"line":187,"column":55}},"187":{"start":{"line":188,"column":0},"end":{"line":188,"column":53}},"188":{"start":{"line":189,"column":0},"end":{"line":189,"column":73}},"189":{"start":{"line":190,"column":0},"end":{"line":190,"column":33}},"190":{"start":{"line":191,"column":0},"end":{"line":191,"column":80}},"191":{"start":{"line":192,"column":0},"end":{"line":192,"column":53}},"192":{"start":{"line":193,"column":0},"end":{"line":193,"column":71}},"193":{"start":{"line":194,"column":0},"end":{"line":194,"column":80}},"194":{"start":{"line":195,"column":0},"end":{"line":195,"column":33}},"195":{"start":{"line":196,"column":0},"end":{"line":196,"column":64}},"196":{"start":{"line":197,"column":0},"end":{"line":197,"column":59}},"197":{"start":{"line":198,"column":0},"end":{"line":198,"column":42}},"198":{"start":{"line":199,"column":0},"end":{"line":199,"column":30}},"199":{"start":{"line":200,"column":0},"end":{"line":200,"column":29}},"200":{"start":{"line":201,"column":0},"end":{"line":201,"column":30}},"201":{"start":{"line":202,"column":0},"end":{"line":202,"column":28}},"204":{"start":{"line":205,"column":0},"end":{"line":205,"column":94}},"205":{"start":{"line":206,"column":0},"end":{"line":206,"column":66}},"206":{"start":{"line":207,"column":0},"end":{"line":207,"column":29}},"207":{"start":{"line":208,"column":0},"end":{"line":208,"column":26}},"210":{"start":{"line":211,"column":0},"end":{"line":211,"column":76}},"211":{"start":{"line":212,"column":0},"end":{"line":212,"column":91}},"212":{"start":{"line":213,"column":0},"end":{"line":213,"column":31}},"213":{"start":{"line":214,"column":0},"end":{"line":214,"column":51}},"214":{"start":{"line":215,"column":0},"end":{"line":215,"column":52}},"215":{"start":{"line":216,"column":0},"end":{"line":216,"column":83}},"216":{"start":{"line":217,"column":0},"end":{"line":217,"column":29}},"217":{"start":{"line":218,"column":0},"end":{"line":218,"column":130}},"218":{"start":{"line":219,"column":0},"end":{"line":219,"column":75}},"219":{"start":{"line":220,"column":0},"end":{"line":220,"column":25}},"221":{"start":{"line":222,"column":0},"end":{"line":222,"column":33}},"222":{"start":{"line":223,"column":0},"end":{"line":223,"column":122}},"223":{"start":{"line":224,"column":0},"end":{"line":224,"column":41}},"224":{"start":{"line":225,"column":0},"end":{"line":225,"column":31}},"225":{"start":{"line":226,"column":0},"end":{"line":226,"column":31}},"226":{"start":{"line":227,"column":0},"end":{"line":227,"column":51}},"227":{"start":{"line":228,"column":0},"end":{"line":228,"column":52}},"228":{"start":{"line":229,"column":0},"end":{"line":229,"column":83}},"229":{"start":{"line":230,"column":0},"end":{"line":230,"column":29}},"230":{"start":{"line":231,"column":0},"end":{"line":231,"column":130}},"231":{"start":{"line":232,"column":0},"end":{"line":232,"column":75}},"232":{"start":{"line":233,"column":0},"end":{"line":233,"column":25}},"234":{"start":{"line":235,"column":0},"end":{"line":235,"column":33}},"235":{"start":{"line":236,"column":0},"end":{"line":236,"column":28}},"238":{"start":{"line":239,"column":0},"end":{"line":239,"column":29}},"239":{"start":{"line":240,"column":0},"end":{"line":240,"column":92}},"240":{"start":{"line":241,"column":0},"end":{"line":241,"column":105}},"241":{"start":{"line":242,"column":0},"end":{"line":242,"column":69}},"242":{"start":{"line":243,"column":0},"end":{"line":243,"column":23}},"244":{"start":{"line":245,"column":0},"end":{"line":245,"column":31}},"245":{"start":{"line":246,"column":0},"end":{"line":246,"column":26}},"246":{"start":{"line":247,"column":0},"end":{"line":247,"column":24}},"248":{"start":{"line":249,"column":0},"end":{"line":249,"column":17}},"251":{"start":{"line":252,"column":0},"end":{"line":252,"column":50}},"252":{"start":{"line":253,"column":0},"end":{"line":253,"column":18}},"254":{"start":{"line":255,"column":0},"end":{"line":255,"column":14}},"257":{"start":{"line":258,"column":0},"end":{"line":258,"column":30}},"258":{"start":{"line":259,"column":0},"end":{"line":259,"column":62}},"260":{"start":{"line":261,"column":0},"end":{"line":261,"column":32}},"263":{"start":{"line":264,"column":0},"end":{"line":264,"column":68}},"264":{"start":{"line":265,"column":0},"end":{"line":265,"column":89}},"265":{"start":{"line":266,"column":0},"end":{"line":266,"column":69}},"266":{"start":{"line":267,"column":0},"end":{"line":267,"column":35}},"267":{"start":{"line":268,"column":0},"end":{"line":268,"column":21}},"268":{"start":{"line":269,"column":0},"end":{"line":269,"column":18}},"271":{"start":{"line":272,"column":0},"end":{"line":272,"column":105}},"272":{"start":{"line":273,"column":0},"end":{"line":273,"column":93}},"273":{"start":{"line":274,"column":0},"end":{"line":274,"column":282}},"274":{"start":{"line":275,"column":0},"end":{"line":275,"column":20}},"276":{"start":{"line":277,"column":0},"end":{"line":277,"column":16}},"279":{"start":{"line":280,"column":0},"end":{"line":280,"column":31}},"280":{"start":{"line":281,"column":0},"end":{"line":281,"column":86}},"284":{"start":{"line":285,"column":0},"end":{"line":285,"column":19}},"285":{"start":{"line":286,"column":0},"end":{"line":286,"column":38}},"286":{"start":{"line":287,"column":0},"end":{"line":287,"column":40}},"287":{"start":{"line":288,"column":0},"end":{"line":288,"column":133}},"288":{"start":{"line":289,"column":0},"end":{"line":289,"column":31}},"289":{"start":{"line":290,"column":0},"end":{"line":290,"column":45}},"290":{"start":{"line":291,"column":0},"end":{"line":291,"column":49}},"291":{"start":{"line":292,"column":0},"end":{"line":292,"column":17}},"293":{"start":{"line":294,"column":0},"end":{"line":294,"column":34}},"294":{"start":{"line":295,"column":0},"end":{"line":295,"column":73}},"295":{"start":{"line":296,"column":0},"end":{"line":296,"column":88}},"296":{"start":{"line":297,"column":0},"end":{"line":297,"column":114}},"297":{"start":{"line":298,"column":0},"end":{"line":298,"column":187}},"298":{"start":{"line":299,"column":0},"end":{"line":299,"column":24}},"300":{"start":{"line":301,"column":0},"end":{"line":301,"column":23}},"302":{"start":{"line":303,"column":0},"end":{"line":303,"column":26}},"304":{"start":{"line":305,"column":0},"end":{"line":305,"column":21}},"307":{"start":{"line":308,"column":0},"end":{"line":308,"column":125}},"308":{"start":{"line":309,"column":0},"end":{"line":309,"column":58}},"309":{"start":{"line":310,"column":0},"end":{"line":310,"column":95}},"310":{"start":{"line":311,"column":0},"end":{"line":311,"column":175}},"311":{"start":{"line":312,"column":0},"end":{"line":312,"column":22}},"313":{"start":{"line":314,"column":0},"end":{"line":314,"column":21}},"314":{"start":{"line":315,"column":0},"end":{"line":315,"column":58}},"315":{"start":{"line":316,"column":0},"end":{"line":316,"column":95}},"316":{"start":{"line":317,"column":0},"end":{"line":317,"column":201}},"317":{"start":{"line":318,"column":0},"end":{"line":318,"column":22}},"319":{"start":{"line":320,"column":0},"end":{"line":320,"column":21}},"320":{"start":{"line":321,"column":0},"end":{"line":321,"column":58}},"321":{"start":{"line":322,"column":0},"end":{"line":322,"column":95}},"322":{"start":{"line":323,"column":0},"end":{"line":323,"column":194}},"323":{"start":{"line":324,"column":0},"end":{"line":324,"column":22}},"325":{"start":{"line":326,"column":0},"end":{"line":326,"column":21}},"326":{"start":{"line":327,"column":0},"end":{"line":327,"column":18}},"327":{"start":{"line":328,"column":0},"end":{"line":328,"column":16}},"329":{"start":{"line":330,"column":0},"end":{"line":330,"column":12}},"330":{"start":{"line":331,"column":0},"end":{"line":331,"column":7}},"332":{"start":{"line":333,"column":0},"end":{"line":333,"column":1}}},"s":{"0":1,"30":1,"31":1,"32":1,"33":1,"34":1,"35":1,"37":51,"38":51,"39":51,"40":51,"41":51,"44":51,"45":0,"47":0,"48":0,"50":0,"52":0,"53":0,"54":0,"55":0,"56":0,"57":0,"60":0,"61":0,"62":0,"63":0,"64":0,"65":0,"66":0,"68":51,"69":51,"71":51,"72":51,"73":51,"74":51,"75":51,"76":51,"79":51,"80":51,"81":51,"82":51,"85":51,"86":51,"87":51,"88":51,"89":51,"90":51,"91":51,"92":51,"94":51,"95":51,"96":51,"97":51,"98":51,"101":51,"102":51,"103":28,"104":28,"105":28,"106":28,"107":28,"108":28,"109":28,"111":28,"112":28,"114":28,"115":28,"117":23,"118":23,"119":23,"122":23,"123":23,"124":23,"125":23,"126":23,"127":23,"128":23,"129":23,"130":23,"131":23,"132":23,"133":23,"134":23,"135":23,"136":23,"138":23,"139":23,"140":23,"141":23,"143":23,"145":23,"146":23,"147":23,"148":23,"149":23,"150":23,"151":23,"152":23,"153":23,"155":23,"156":23,"157":23,"158":23,"159":23,"160":23,"162":23,"164":23,"165":23,"166":23,"167":23,"168":23,"170":23,"171":23,"172":23,"173":23,"174":23,"175":23,"176":23,"178":23,"179":23,"180":23,"182":23,"183":23,"184":92,"185":92,"186":92,"187":0,"188":0,"189":0,"190":92,"191":92,"192":0,"193":92,"194":92,"195":92,"196":92,"197":92,"198":92,"199":23,"200":23,"201":23,"204":23,"205":23,"206":23,"207":23,"210":23,"211":23,"212":23,"213":23,"214":0,"215":0,"216":0,"217":23,"218":23,"219":23,"221":23,"222":23,"223":23,"224":23,"225":23,"226":23,"227":1,"228":1,"229":1,"230":23,"231":23,"232":23,"234":23,"235":23,"238":23,"239":23,"240":23,"241":23,"242":23,"244":23,"245":23,"246":23,"248":23,"251":23,"252":23,"254":51,"257":51,"258":23,"260":23,"263":23,"264":23,"265":23,"266":23,"267":23,"268":23,"271":23,"272":23,"273":23,"274":23,"276":23,"279":23,"280":0,"284":23,"285":23,"286":23,"287":23,"288":23,"289":0,"290":23,"291":23,"293":23,"294":0,"295":0,"296":0,"297":0,"298":0,"300":0,"302":23,"304":23,"307":23,"308":23,"309":23,"310":23,"311":23,"313":23,"314":23,"315":23,"316":23,"317":23,"319":23,"320":23,"321":23,"322":23,"323":23,"325":23,"326":23,"327":23,"329":51,"330":51,"332":51},"branchMap":{"0":{"type":"branch","line":38,"loc":{"start":{"line":38,"column":0},"end":{"line":333,"column":1}},"locations":[{"start":{"line":38,"column":0},"end":{"line":333,"column":1}}]},"1":{"type":"branch","line":74,"loc":{"start":{"line":74,"column":10},"end":{"line":74,"column":35}},"locations":[{"start":{"line":74,"column":10},"end":{"line":74,"column":35}}]},"2":{"type":"branch","line":74,"loc":{"start":{"line":74,"column":19},"end":{"line":74,"column":66}},"locations":[{"start":{"line":74,"column":19},"end":{"line":74,"column":66}}]},"3":{"type":"branch","line":82,"loc":{"start":{"line":82,"column":10},"end":{"line":82,"column":37}},"locations":[{"start":{"line":82,"column":10},"end":{"line":82,"column":37}}]},"4":{"type":"branch","line":82,"loc":{"start":{"line":82,"column":19},"end":{"line":82,"column":55}},"locations":[{"start":{"line":82,"column":19},"end":{"line":82,"column":55}}]},"5":{"type":"branch","line":103,"loc":{"start":{"line":103,"column":28},"end":{"line":116,"column":18}},"locations":[{"start":{"line":103,"column":28},"end":{"line":116,"column":18}}]},"6":{"type":"branch","line":116,"loc":{"start":{"line":116,"column":12},"end":{"line":253,"column":18}},"locations":[{"start":{"line":116,"column":12},"end":{"line":253,"column":18}}]},"7":{"type":"branch","line":258,"loc":{"start":{"line":258,"column":24},"end":{"line":328,"column":16}},"locations":[{"start":{"line":258,"column":24},"end":{"line":328,"column":16}}]},"8":{"type":"branch","line":280,"loc":{"start":{"line":280,"column":13},"end":{"line":281,"column":86}},"locations":[{"start":{"line":280,"column":13},"end":{"line":281,"column":86}}]},"9":{"type":"branch","line":289,"loc":{"start":{"line":289,"column":16},"end":{"line":290,"column":45}},"locations":[{"start":{"line":289,"column":16},"end":{"line":290,"column":45}}]},"10":{"type":"branch","line":294,"loc":{"start":{"line":294,"column":15},"end":{"line":301,"column":23}},"locations":[{"start":{"line":294,"column":15},"end":{"line":301,"column":23}}]},"11":{"type":"branch","line":119,"loc":{"start":{"line":119,"column":25},"end":{"line":249,"column":15}},"locations":[{"start":{"line":119,"column":25},"end":{"line":249,"column":15}}]},"12":{"type":"branch","line":184,"loc":{"start":{"line":184,"column":59},"end":{"line":199,"column":30}},"locations":[{"start":{"line":184,"column":59},"end":{"line":199,"column":30}}]},"13":{"type":"branch","line":192,"loc":{"start":{"line":192,"column":49},"end":{"line":193,"column":71}},"locations":[{"start":{"line":192,"column":49},"end":{"line":193,"column":71}}]},"14":{"type":"branch","line":227,"loc":{"start":{"line":227,"column":35},"end":{"line":230,"column":29}},"locations":[{"start":{"line":227,"column":35},"end":{"line":230,"column":29}}]},"15":{"type":"branch","line":240,"loc":{"start":{"line":240,"column":33},"end":{"line":240,"column":92}},"locations":[{"start":{"line":240,"column":33},"end":{"line":240,"column":92}}]}},"b":{"0":[51],"1":[26],"2":[25],"3":[26],"4":[25],"5":[28],"6":[23],"7":[23],"8":[0],"9":[0],"10":[0],"11":[23],"12":[92],"13":[0],"14":[1],"15":[1]},"fnMap":{"0":{"name":"Cart","decl":{"start":{"line":38,"column":0},"end":{"line":333,"column":1}},"loc":{"start":{"line":38,"column":0},"end":{"line":333,"column":1}},"line":38},"1":{"name":"handleCheckout","decl":{"start":{"line":45,"column":25},"end":{"line":67,"column":3}},"loc":{"start":{"line":45,"column":25},"end":{"line":67,"column":3}},"line":45},"2":{"name":"onClick","decl":{"start":{"line":76,"column":17},"end":{"line":76,"column":57}},"loc":{"start":{"line":76,"column":17},"end":{"line":76,"column":57}},"line":76},"3":{"name":"onClick","decl":{"start":{"line":91,"column":21},"end":{"line":91,"column":61}},"loc":{"start":{"line":91,"column":21},"end":{"line":91,"column":61}},"line":91},"4":{"name":"onClick","decl":{"start":{"line":149,"column":33},"end":{"line":149,"column":73}},"loc":{"start":{"line":149,"column":33},"end":{"line":149,"column":73}},"line":149},"5":{"name":"onClick","decl":{"start":{"line":168,"column":35},"end":{"line":168,"column":75}},"loc":{"start":{"line":168,"column":35},"end":{"line":168,"column":75}},"line":168},"6":{"name":"onClick","decl":{"start":{"line":187,"column":39},"end":{"line":190,"column":33}},"loc":{"start":{"line":187,"column":39},"end":{"line":190,"column":33}},"line":187},"7":{"name":"onClick","decl":{"start":{"line":214,"column":35},"end":{"line":217,"column":29}},"loc":{"start":{"line":214,"column":35},"end":{"line":217,"column":29}},"line":214},"8":{"name":"onClick","decl":{"start":{"line":227,"column":35},"end":{"line":230,"column":29}},"loc":{"start":{"line":227,"column":35},"end":{"line":230,"column":29}},"line":227},"9":{"name":"onClick","decl":{"start":{"line":240,"column":33},"end":{"line":240,"column":92}},"loc":{"start":{"line":240,"column":33},"end":{"line":240,"column":92}},"line":240}},"f":{"0":51,"1":0,"2":0,"3":0,"4":0,"5":0,"6":0,"7":0,"8":1,"9":1}}
,"C:\\xampp\\htdocs\\ecommerce-react-shopify\\src\\components\\cart\\MoreFromArtist.tsx": {"path":"C:\\xampp\\htdocs\\ecommerce-react-shopify\\src\\components\\cart\\MoreFromArtist.tsx","all":true,"statementMap":{"0":{"start":{"line":1,"column":0},"end":{"line":1,"column":32}},"25":{"start":{"line":26,"column":0},"end":{"line":26,"column":83}},"26":{"start":{"line":27,"column":0},"end":{"line":27,"column":32}},"27":{"start":{"line":28,"column":0},"end":{"line":28,"column":36}},"28":{"start":{"line":29,"column":0},"end":{"line":29,"column":53}},"31":{"start":{"line":32,"column":0},"end":{"line":32,"column":41}},"32":{"start":{"line":33,"column":0},"end":{"line":33,"column":68}},"33":{"start":{"line":34,"column":0},"end":{"line":34,"column":3}},"36":{"start":{"line":37,"column":0},"end":{"line":37,"column":46}},"38":{"start":{"line":39,"column":0},"end":{"line":39,"column":53}},"39":{"start":{"line":40,"column":0},"end":{"line":40,"column":45}},"41":{"start":{"line":42,"column":0},"end":{"line":42,"column":28}},"42":{"start":{"line":43,"column":0},"end":{"line":43,"column":65}},"43":{"start":{"line":44,"column":0},"end":{"line":44,"column":3}},"45":{"start":{"line":46,"column":0},"end":{"line":46,"column":28}},"46":{"start":{"line":47,"column":0},"end":{"line":47,"column":65}},"47":{"start":{"line":48,"column":0},"end":{"line":48,"column":3}},"49":{"start":{"line":50,"column":0},"end":{"line":50,"column":64}},"51":{"start":{"line":52,"column":0},"end":{"line":52,"column":10}},"52":{"start":{"line":53,"column":0},"end":{"line":53,"column":55}},"54":{"start":{"line":55,"column":0},"end":{"line":55,"column":62}},"55":{"start":{"line":56,"column":0},"end":{"line":56,"column":59}},"56":{"start":{"line":57,"column":0},"end":{"line":57,"column":28}},"57":{"start":{"line":58,"column":0},"end":{"line":58,"column":15}},"58":{"start":{"line":59,"column":0},"end":{"line":59,"column":49}},"59":{"start":{"line":60,"column":0},"end":{"line":60,"column":17}},"60":{"start":{"line":61,"column":0},"end":{"line":61,"column":32}},"61":{"start":{"line":62,"column":0},"end":{"line":62,"column":139}},"62":{"start":{"line":63,"column":0},"end":{"line":63,"column":41}},"64":{"start":{"line":65,"column":0},"end":{"line":65,"column":91}},"65":{"start":{"line":66,"column":0},"end":{"line":66,"column":103}},"66":{"start":{"line":67,"column":0},"end":{"line":67,"column":18}},"67":{"start":{"line":68,"column":0},"end":{"line":68,"column":19}},"68":{"start":{"line":69,"column":0},"end":{"line":69,"column":74}},"69":{"start":{"line":70,"column":0},"end":{"line":70,"column":46}},"70":{"start":{"line":71,"column":0},"end":{"line":71,"column":17}},"71":{"start":{"line":72,"column":0},"end":{"line":72,"column":17}},"72":{"start":{"line":73,"column":0},"end":{"line":73,"column":32}},"73":{"start":{"line":74,"column":0},"end":{"line":74,"column":139}},"74":{"start":{"line":75,"column":0},"end":{"line":75,"column":37}},"76":{"start":{"line":77,"column":0},"end":{"line":77,"column":91}},"77":{"start":{"line":78,"column":0},"end":{"line":78,"column":100}},"78":{"start":{"line":79,"column":0},"end":{"line":79,"column":18}},"79":{"start":{"line":80,"column":0},"end":{"line":80,"column":19}},"80":{"start":{"line":81,"column":0},"end":{"line":81,"column":14}},"81":{"start":{"line":82,"column":0},"end":{"line":82,"column":12}},"84":{"start":{"line":85,"column":0},"end":{"line":85,"column":11}},"85":{"start":{"line":86,"column":0},"end":{"line":86,"column":64}},"86":{"start":{"line":87,"column":0},"end":{"line":87,"column":57}},"87":{"start":{"line":88,"column":0},"end":{"line":88,"column":104}},"90":{"start":{"line":91,"column":0},"end":{"line":91,"column":12}},"91":{"start":{"line":92,"column":0},"end":{"line":92,"column":61}},"92":{"start":{"line":93,"column":0},"end":{"line":93,"column":18}},"93":{"start":{"line":94,"column":0},"end":{"line":94,"column":40}},"94":{"start":{"line":95,"column":0},"end":{"line":95,"column":50}},"95":{"start":{"line":96,"column":0},"end":{"line":96,"column":12}},"97":{"start":{"line":98,"column":0},"end":{"line":98,"column":14}},"98":{"start":{"line":99,"column":0},"end":{"line":99,"column":30}},"99":{"start":{"line":100,"column":0},"end":{"line":100,"column":38}},"100":{"start":{"line":101,"column":0},"end":{"line":101,"column":93}},"101":{"start":{"line":102,"column":0},"end":{"line":102,"column":12}},"102":{"start":{"line":103,"column":0},"end":{"line":103,"column":14}},"105":{"start":{"line":106,"column":0},"end":{"line":106,"column":40}},"106":{"start":{"line":107,"column":0},"end":{"line":107,"column":96}},"107":{"start":{"line":108,"column":0},"end":{"line":108,"column":34}},"108":{"start":{"line":109,"column":0},"end":{"line":109,"column":14}},"109":{"start":{"line":110,"column":0},"end":{"line":110,"column":46}},"110":{"start":{"line":111,"column":0},"end":{"line":111,"column":54}},"111":{"start":{"line":112,"column":0},"end":{"line":112,"column":73}},"112":{"start":{"line":113,"column":0},"end":{"line":113,"column":21}},"113":{"start":{"line":114,"column":0},"end":{"line":114,"column":14}},"114":{"start":{"line":115,"column":0},"end":{"line":115,"column":14}},"117":{"start":{"line":118,"column":0},"end":{"line":118,"column":12}},"118":{"start":{"line":119,"column":0},"end":{"line":119,"column":85}},"119":{"start":{"line":120,"column":0},"end":{"line":120,"column":21}},"120":{"start":{"line":121,"column":0},"end":{"line":121,"column":29}},"121":{"start":{"line":122,"column":0},"end":{"line":122,"column":31}},"123":{"start":{"line":124,"column":0},"end":{"line":124,"column":96}},"124":{"start":{"line":125,"column":0},"end":{"line":125,"column":14}},"125":{"start":{"line":126,"column":0},"end":{"line":126,"column":13}},"126":{"start":{"line":127,"column":0},"end":{"line":127,"column":10}},"128":{"start":{"line":129,"column":0},"end":{"line":129,"column":1}}},"s":{"0":0,"25":0,"26":0,"27":0,"28":0,"31":0,"32":0,"33":0,"36":0,"38":0,"39":0,"41":0,"42":0,"43":0,"45":0,"46":0,"47":0,"49":0,"51":0,"52":0,"54":0,"55":0,"56":0,"57":0,"58":0,"59":0,"60":0,"61":0,"62":0,"64":0,"65":0,"66":0,"67":0,"68":0,"69":0,"70":0,"71":0,"72":0,"73":0,"74":0,"76":0,"77":0,"78":0,"79":0,"80":0,"81":0,"84":0,"85":0,"86":0,"87":0,"90":0,"91":0,"92":0,"93":0,"94":0,"95":0,"97":0,"98":0,"99":0,"100":0,"101":0,"102":0,"105":0,"106":0,"107":0,"108":0,"109":0,"110":0,"111":0,"112":0,"113":0,"114":0,"117":0,"118":0,"119":0,"120":0,"121":0,"123":0,"124":0,"125":0,"126":0,"128":0},"branchMap":{"0":{"type":"branch","line":1,"loc":{"start":{"line":1,"column":0},"end":{"line":129,"column":-1754}},"locations":[{"start":{"line":1,"column":0},"end":{"line":129,"column":-1754}}]}},"b":{"0":[0]},"fnMap":{"0":{"name":"(empty-report)","decl":{"start":{"line":1,"column":0},"end":{"line":129,"column":-1754}},"loc":{"start":{"line":1,"column":0},"end":{"line":129,"column":-1754}},"line":1}},"f":{"0":0}}
,"C:\\xampp\\htdocs\\ecommerce-react-shopify\\src\\components\\cart\\YouMayAlsoLike.tsx": {"path":"C:\\xampp\\htdocs\\ecommerce-react-shopify\\src\\components\\cart\\YouMayAlsoLike.tsx","all":false,"statementMap":{"0":{"start":{"line":1,"column":0},"end":{"line":1,"column":41}},"9":{"start":{"line":10,"column":0},"end":{"line":10,"column":22}},"10":{"start":{"line":11,"column":0},"end":{"line":11,"column":71}},"11":{"start":{"line":12,"column":0},"end":{"line":12,"column":58}},"12":{"start":{"line":13,"column":0},"end":{"line":13,"column":58}},"13":{"start":{"line":14,"column":0},"end":{"line":14,"column":61}},"14":{"start":{"line":15,"column":0},"end":{"line":15,"column":1}},"19":{"start":{"line":20,"column":0},"end":{"line":20,"column":21}},"20":{"start":{"line":21,"column":0},"end":{"line":21,"column":55}},"21":{"start":{"line":22,"column":0},"end":{"line":22,"column":57}},"22":{"start":{"line":23,"column":0},"end":{"line":23,"column":57}},"23":{"start":{"line":24,"column":0},"end":{"line":24,"column":58}},"24":{"start":{"line":25,"column":0},"end":{"line":25,"column":1}},"43":{"start":{"line":44,"column":0},"end":{"line":44,"column":68}},"44":{"start":{"line":45,"column":0},"end":{"line":45,"column":32}},"45":{"start":{"line":46,"column":0},"end":{"line":46,"column":36}},"46":{"start":{"line":47,"column":0},"end":{"line":47,"column":53}},"47":{"start":{"line":48,"column":0},"end":{"line":48,"column":67}},"48":{"start":{"line":49,"column":0},"end":{"line":49,"column":58}},"51":{"start":{"line":52,"column":0},"end":{"line":52,"column":33}},"52":{"start":{"line":53,"column":0},"end":{"line":53,"column":57}},"53":{"start":{"line":54,"column":0},"end":{"line":54,"column":15}},"54":{"start":{"line":55,"column":0},"end":{"line":55,"column":3}},"56":{"start":{"line":57,"column":0},"end":{"line":57,"column":30}},"57":{"start":{"line":58,"column":0},"end":{"line":58,"column":69}},"58":{"start":{"line":59,"column":0},"end":{"line":59,"column":30}},"59":{"start":{"line":60,"column":0},"end":{"line":60,"column":3}},"62":{"start":{"line":63,"column":0},"end":{"line":63,"column":43}},"64":{"start":{"line":65,"column":0},"end":{"line":65,"column":50}},"65":{"start":{"line":66,"column":0},"end":{"line":66,"column":42}},"67":{"start":{"line":68,"column":0},"end":{"line":68,"column":28}},"68":{"start":{"line":69,"column":0},"end":{"line":69,"column":65}},"70":{"start":{"line":71,"column":0},"end":{"line":71,"column":35}},"71":{"start":{"line":72,"column":0},"end":{"line":72,"column":27}},"72":{"start":{"line":73,"column":0},"end":{"line":73,"column":3}},"74":{"start":{"line":75,"column":0},"end":{"line":75,"column":28}},"75":{"start":{"line":76,"column":0},"end":{"line":76,"column":65}},"77":{"start":{"line":78,"column":0},"end":{"line":78,"column":35}},"78":{"start":{"line":79,"column":0},"end":{"line":79,"column":27}},"79":{"start":{"line":80,"column":0},"end":{"line":80,"column":3}},"81":{"start":{"line":82,"column":0},"end":{"line":82,"column":91}},"82":{"start":{"line":83,"column":0},"end":{"line":83,"column":87}},"84":{"start":{"line":85,"column":0},"end":{"line":85,"column":33}},"85":{"start":{"line":86,"column":0},"end":{"line":86,"column":14}},"86":{"start":{"line":87,"column":0},"end":{"line":87,"column":23}},"87":{"start":{"line":88,"column":0},"end":{"line":88,"column":16}},"88":{"start":{"line":89,"column":0},"end":{"line":89,"column":37}},"89":{"start":{"line":90,"column":0},"end":{"line":90,"column":75}},"90":{"start":{"line":91,"column":0},"end":{"line":91,"column":29}},"91":{"start":{"line":92,"column":0},"end":{"line":92,"column":31}},"92":{"start":{"line":93,"column":0},"end":{"line":93,"column":36}},"93":{"start":{"line":94,"column":0},"end":{"line":94,"column":38}},"94":{"start":{"line":95,"column":0},"end":{"line":95,"column":36}},"95":{"start":{"line":96,"column":0},"end":{"line":96,"column":39}},"96":{"start":{"line":97,"column":0},"end":{"line":97,"column":7}},"97":{"start":{"line":98,"column":0},"end":{"line":98,"column":6}},"99":{"start":{"line":100,"column":0},"end":{"line":100,"column":28}},"100":{"start":{"line":101,"column":0},"end":{"line":101,"column":18}},"101":{"start":{"line":102,"column":0},"end":{"line":102,"column":5}},"102":{"start":{"line":103,"column":0},"end":{"line":103,"column":3}},"104":{"start":{"line":105,"column":0},"end":{"line":105,"column":10}},"105":{"start":{"line":106,"column":0},"end":{"line":106,"column":73}},"107":{"start":{"line":108,"column":0},"end":{"line":108,"column":62}},"108":{"start":{"line":109,"column":0},"end":{"line":109,"column":58}},"110":{"start":{"line":111,"column":0},"end":{"line":111,"column":13}},"111":{"start":{"line":112,"column":0},"end":{"line":112,"column":49}},"112":{"start":{"line":113,"column":0},"end":{"line":113,"column":17}},"113":{"start":{"line":114,"column":0},"end":{"line":114,"column":32}},"114":{"start":{"line":115,"column":0},"end":{"line":115,"column":142}},"115":{"start":{"line":116,"column":0},"end":{"line":116,"column":44}},"117":{"start":{"line":118,"column":0},"end":{"line":118,"column":91}},"118":{"start":{"line":119,"column":0},"end":{"line":119,"column":103}},"119":{"start":{"line":120,"column":0},"end":{"line":120,"column":18}},"120":{"start":{"line":121,"column":0},"end":{"line":121,"column":19}},"121":{"start":{"line":122,"column":0},"end":{"line":122,"column":75}},"122":{"start":{"line":123,"column":0},"end":{"line":123,"column":46}},"123":{"start":{"line":124,"column":0},"end":{"line":124,"column":17}},"124":{"start":{"line":125,"column":0},"end":{"line":125,"column":17}},"125":{"start":{"line":126,"column":0},"end":{"line":126,"column":32}},"126":{"start":{"line":127,"column":0},"end":{"line":127,"column":142}},"127":{"start":{"line":128,"column":0},"end":{"line":128,"column":40}},"129":{"start":{"line":130,"column":0},"end":{"line":130,"column":91}},"130":{"start":{"line":131,"column":0},"end":{"line":131,"column":100}},"131":{"start":{"line":132,"column":0},"end":{"line":132,"column":18}},"132":{"start":{"line":133,"column":0},"end":{"line":133,"column":19}},"133":{"start":{"line":134,"column":0},"end":{"line":134,"column":14}},"134":{"start":{"line":135,"column":0},"end":{"line":135,"column":12}},"137":{"start":{"line":138,"column":0},"end":{"line":138,"column":34}},"139":{"start":{"line":140,"column":0},"end":{"line":140,"column":12}},"140":{"start":{"line":141,"column":0},"end":{"line":141,"column":61}},"141":{"start":{"line":142,"column":0},"end":{"line":142,"column":18}},"142":{"start":{"line":143,"column":0},"end":{"line":143,"column":46}},"143":{"start":{"line":144,"column":0},"end":{"line":144,"column":51}},"144":{"start":{"line":145,"column":0},"end":{"line":145,"column":12}},"146":{"start":{"line":147,"column":0},"end":{"line":147,"column":14}},"147":{"start":{"line":148,"column":0},"end":{"line":148,"column":60}},"148":{"start":{"line":149,"column":0},"end":{"line":149,"column":38}},"149":{"start":{"line":150,"column":0},"end":{"line":150,"column":50}},"150":{"start":{"line":151,"column":0},"end":{"line":151,"column":12}},"151":{"start":{"line":152,"column":0},"end":{"line":152,"column":14}},"154":{"start":{"line":155,"column":0},"end":{"line":155,"column":40}},"156":{"start":{"line":157,"column":0},"end":{"line":157,"column":78}},"157":{"start":{"line":158,"column":0},"end":{"line":158,"column":34}},"158":{"start":{"line":159,"column":0},"end":{"line":159,"column":15}},"161":{"start":{"line":162,"column":0},"end":{"line":162,"column":32}},"162":{"start":{"line":163,"column":0},"end":{"line":163,"column":94}},"164":{"start":{"line":165,"column":0},"end":{"line":165,"column":19}},"165":{"start":{"line":166,"column":0},"end":{"line":166,"column":55}},"166":{"start":{"line":167,"column":0},"end":{"line":167,"column":44}},"167":{"start":{"line":168,"column":0},"end":{"line":168,"column":23}},"168":{"start":{"line":169,"column":0},"end":{"line":169,"column":32}},"169":{"start":{"line":170,"column":0},"end":{"line":170,"column":60}},"170":{"start":{"line":171,"column":0},"end":{"line":171,"column":101}},"171":{"start":{"line":172,"column":0},"end":{"line":172,"column":46}},"172":{"start":{"line":173,"column":0},"end":{"line":173,"column":60}},"173":{"start":{"line":174,"column":0},"end":{"line":174,"column":70}},"174":{"start":{"line":175,"column":0},"end":{"line":175,"column":21}},"175":{"start":{"line":176,"column":0},"end":{"line":176,"column":58}},"176":{"start":{"line":177,"column":0},"end":{"line":177,"column":37}},"177":{"start":{"line":178,"column":0},"end":{"line":178,"column":54}},"179":{"start":{"line":180,"column":0},"end":{"line":180,"column":36}},"180":{"start":{"line":181,"column":0},"end":{"line":181,"column":81}},"182":{"start":{"line":183,"column":0},"end":{"line":183,"column":25}},"183":{"start":{"line":184,"column":0},"end":{"line":184,"column":17}},"184":{"start":{"line":185,"column":0},"end":{"line":185,"column":18}},"185":{"start":{"line":186,"column":0},"end":{"line":186,"column":16}},"188":{"start":{"line":189,"column":0},"end":{"line":189,"column":51}},"189":{"start":{"line":190,"column":0},"end":{"line":190,"column":19}},"190":{"start":{"line":191,"column":0},"end":{"line":191,"column":34}},"191":{"start":{"line":192,"column":0},"end":{"line":192,"column":63}},"192":{"start":{"line":193,"column":0},"end":{"line":193,"column":158}},"194":{"start":{"line":195,"column":0},"end":{"line":195,"column":42}},"195":{"start":{"line":196,"column":0},"end":{"line":196,"column":54}},"196":{"start":{"line":197,"column":0},"end":{"line":197,"column":30}},"197":{"start":{"line":198,"column":0},"end":{"line":198,"column":25}},"198":{"start":{"line":199,"column":0},"end":{"line":199,"column":17}},"199":{"start":{"line":200,"column":0},"end":{"line":200,"column":21}},"200":{"start":{"line":201,"column":0},"end":{"line":201,"column":77}},"201":{"start":{"line":202,"column":0},"end":{"line":202,"column":41}},"202":{"start":{"line":203,"column":0},"end":{"line":203,"column":19}},"203":{"start":{"line":204,"column":0},"end":{"line":204,"column":19}},"204":{"start":{"line":205,"column":0},"end":{"line":205,"column":39}},"205":{"start":{"line":206,"column":0},"end":{"line":206,"column":122}},"206":{"start":{"line":207,"column":0},"end":{"line":207,"column":13}},"208":{"start":{"line":209,"column":0},"end":{"line":209,"column":21}},"209":{"start":{"line":210,"column":0},"end":{"line":210,"column":16}},"210":{"start":{"line":211,"column":0},"end":{"line":211,"column":14}},"211":{"start":{"line":212,"column":0},"end":{"line":212,"column":12}},"212":{"start":{"line":213,"column":0},"end":{"line":213,"column":10}},"214":{"start":{"line":215,"column":0},"end":{"line":215,"column":1}}},"s":{"0":1,"9":1,"10":1,"11":1,"12":1,"13":1,"14":1,"19":1,"20":1,"21":1,"22":1,"23":1,"24":1,"43":1,"44":23,"45":23,"46":23,"47":23,"48":23,"51":23,"52":23,"53":23,"54":23,"56":23,"57":23,"58":23,"59":23,"62":23,"64":0,"65":0,"67":0,"68":0,"70":0,"71":0,"72":0,"74":0,"75":0,"77":0,"78":0,"79":0,"81":0,"82":23,"84":23,"85":0,"86":0,"87":0,"88":0,"89":0,"90":0,"91":0,"92":0,"93":0,"94":0,"95":0,"96":0,"97":0,"99":0,"100":0,"101":0,"102":0,"104":23,"105":23,"107":23,"108":23,"110":23,"111":23,"112":23,"113":23,"114":23,"115":23,"117":23,"118":23,"119":23,"120":23,"121":23,"122":23,"123":23,"124":23,"125":23,"126":23,"127":23,"129":23,"130":23,"131":23,"132":23,"133":23,"134":23,"137":23,"139":23,"140":23,"141":23,"142":23,"143":23,"144":23,"146":23,"147":23,"148":23,"149":23,"150":23,"151":23,"154":23,"156":23,"157":23,"158":23,"161":23,"162":23,"164":23,"165":23,"166":23,"167":0,"168":0,"169":0,"170":0,"171":0,"172":0,"173":0,"174":0,"175":0,"176":0,"177":0,"179":0,"180":0,"182":0,"183":23,"184":23,"185":23,"188":23,"189":23,"190":23,"191":23,"192":23,"194":23,"195":0,"196":0,"197":0,"198":23,"199":23,"200":23,"201":23,"202":23,"203":23,"204":23,"205":23,"206":23,"208":23,"209":23,"210":23,"211":23,"212":23,"214":23},"branchMap":{"0":{"type":"branch","line":44,"loc":{"start":{"line":44,"column":7},"end":{"line":215,"column":1}},"locations":[{"start":{"line":44,"column":7},"end":{"line":215,"column":1}}]},"1":{"type":"branch","line":63,"loc":{"start":{"line":63,"column":39},"end":{"line":82,"column":91}},"locations":[{"start":{"line":63,"column":39},"end":{"line":82,"column":91}}]},"2":{"type":"branch","line":83,"loc":{"start":{"line":83,"column":66},"end":{"line":83,"column":78}},"locations":[{"start":{"line":83,"column":66},"end":{"line":83,"column":78}}]},"3":{"type":"branch","line":83,"loc":{"start":{"line":83,"column":69},"end":{"line":83,"column":87}},"locations":[{"start":{"line":83,"column":69},"end":{"line":83,"column":87}}]},"4":{"type":"branch","line":53,"loc":{"start":{"line":53,"column":4},"end":{"line":53,"column":57}},"locations":[{"start":{"line":53,"column":4},"end":{"line":53,"column":57}}]},"5":{"type":"branch","line":53,"loc":{"start":{"line":53,"column":32},"end":{"line":53,"column":54}},"locations":[{"start":{"line":53,"column":32},"end":{"line":53,"column":54}}]},"6":{"type":"branch","line":58,"loc":{"start":{"line":58,"column":4},"end":{"line":58,"column":69}},"locations":[{"start":{"line":58,"column":4},"end":{"line":58,"column":69}}]}},"b":{"0":[23],"1":[0],"2":[0],"3":[0],"4":[23],"5":[23],"6":[23]},"fnMap":{"0":{"name":"YouMayAlsoLike","decl":{"start":{"line":44,"column":7},"end":{"line":215,"column":1}},"loc":{"start":{"line":44,"column":7},"end":{"line":215,"column":1}},"line":44},"1":{"name":"handlePrev","decl":{"start":{"line":68,"column":21},"end":{"line":73,"column":3}},"loc":{"start":{"line":68,"column":21},"end":{"line":73,"column":3}},"line":68},"2":{"name":"handleNext","decl":{"start":{"line":75,"column":21},"end":{"line":80,"column":3}},"loc":{"start":{"line":75,"column":21},"end":{"line":80,"column":3}},"line":75},"3":{"name":"handleAddToCart","decl":{"start":{"line":85,"column":26},"end":{"line":103,"column":3}},"loc":{"start":{"line":85,"column":26},"end":{"line":103,"column":3}},"line":85},"4":{"name":"onChange","decl":{"start":{"line":192,"column":24},"end":{"line":192,"column":63}},"loc":{"start":{"line":192,"column":24},"end":{"line":192,"column":63}},"line":192}},"f":{"0":23,"1":0,"2":0,"3":0,"4":0}}
,"C:\\xampp\\htdocs\\ecommerce-react-shopify\\src\\components\\checkout\\ShopifyCheckoutButton.tsx": {"path":"C:\\xampp\\htdocs\\ecommerce-react-shopify\\src\\components\\checkout\\ShopifyCheckoutButton.tsx","all":false,"statementMap":{"0":{"start":{"line":1,"column":0},"end":{"line":1,"column":57}},"15":{"start":{"line":16,"column":0},"end":{"line":16,"column":39}},"16":{"start":{"line":17,"column":0},"end":{"line":17,"column":17}},"17":{"start":{"line":18,"column":0},"end":{"line":18,"column":19}},"18":{"start":{"line":19,"column":0},"end":{"line":19,"column":32}},"19":{"start":{"line":20,"column":0},"end":{"line":20,"column":32}},"20":{"start":{"line":21,"column":0},"end":{"line":21,"column":47}},"22":{"start":{"line":23,"column":0},"end":{"line":23,"column":38}},"23":{"start":{"line":24,"column":0},"end":{"line":24,"column":28}},"24":{"start":{"line":25,"column":0},"end":{"line":25,"column":68}},"25":{"start":{"line":26,"column":0},"end":{"line":26,"column":12}},"26":{"start":{"line":27,"column":0},"end":{"line":27,"column":5}},"28":{"start":{"line":29,"column":0},"end":{"line":29,"column":20}},"31":{"start":{"line":32,"column":0},"end":{"line":32,"column":43}},"32":{"start":{"line":33,"column":0},"end":{"line":33,"column":3}},"34":{"start":{"line":35,"column":0},"end":{"line":35,"column":91}},"36":{"start":{"line":37,"column":0},"end":{"line":37,"column":10}},"37":{"start":{"line":38,"column":0},"end":{"line":38,"column":11}},"38":{"start":{"line":39,"column":0},"end":{"line":39,"column":30}},"39":{"start":{"line":40,"column":0},"end":{"line":40,"column":27}},"40":{"start":{"line":41,"column":0},"end":{"line":41,"column":91}},"41":{"start":{"line":42,"column":0},"end":{"line":42,"column":18}},"42":{"start":{"line":43,"column":0},"end":{"line":43,"column":44}},"43":{"start":{"line":44,"column":0},"end":{"line":44,"column":61}},"44":{"start":{"line":45,"column":0},"end":{"line":45,"column":22}},"46":{"start":{"line":47,"column":0},"end":{"line":47,"column":18}},"47":{"start":{"line":48,"column":0},"end":{"line":48,"column":65}},"48":{"start":{"line":49,"column":0},"end":{"line":49,"column":68}},"49":{"start":{"line":50,"column":0},"end":{"line":50,"column":19}},"50":{"start":{"line":51,"column":0},"end":{"line":51,"column":36}},"51":{"start":{"line":52,"column":0},"end":{"line":52,"column":21}},"52":{"start":{"line":53,"column":0},"end":{"line":53,"column":21}},"53":{"start":{"line":54,"column":0},"end":{"line":54,"column":20}},"54":{"start":{"line":55,"column":0},"end":{"line":55,"column":35}},"55":{"start":{"line":56,"column":0},"end":{"line":56,"column":29}},"56":{"start":{"line":57,"column":0},"end":{"line":57,"column":25}},"57":{"start":{"line":58,"column":0},"end":{"line":58,"column":14}},"58":{"start":{"line":59,"column":0},"end":{"line":59,"column":17}},"59":{"start":{"line":60,"column":0},"end":{"line":60,"column":36}},"60":{"start":{"line":61,"column":0},"end":{"line":61,"column":33}},"61":{"start":{"line":62,"column":0},"end":{"line":62,"column":129}},"62":{"start":{"line":63,"column":0},"end":{"line":63,"column":14}},"63":{"start":{"line":64,"column":0},"end":{"line":64,"column":16}},"65":{"start":{"line":66,"column":0},"end":{"line":66,"column":15}},"67":{"start":{"line":68,"column":0},"end":{"line":68,"column":10}},"69":{"start":{"line":70,"column":0},"end":{"line":70,"column":60}},"70":{"start":{"line":71,"column":0},"end":{"line":71,"column":11}},"72":{"start":{"line":73,"column":0},"end":{"line":73,"column":13}},"74":{"start":{"line":75,"column":0},"end":{"line":75,"column":1}},"79":{"start":{"line":80,"column":0},"end":{"line":80,"column":38}},"80":{"start":{"line":81,"column":0},"end":{"line":81,"column":32}},"82":{"start":{"line":83,"column":0},"end":{"line":83,"column":10}},"83":{"start":{"line":84,"column":0},"end":{"line":84,"column":43}},"84":{"start":{"line":85,"column":0},"end":{"line":85,"column":34}},"85":{"start":{"line":86,"column":0},"end":{"line":86,"column":24}},"86":{"start":{"line":87,"column":0},"end":{"line":87,"column":39}},"87":{"start":{"line":88,"column":0},"end":{"line":88,"column":3}},"88":{"start":{"line":89,"column":0},"end":{"line":89,"column":1}}},"s":{"0":1,"15":1,"16":14,"17":14,"18":14,"19":14,"20":14,"22":14,"23":2,"24":0,"25":0,"26":0,"28":2,"31":2,"32":2,"34":14,"36":14,"37":14,"38":14,"39":14,"40":14,"41":14,"42":7,"43":7,"44":14,"46":14,"47":2,"48":2,"49":2,"50":2,"51":2,"52":2,"53":2,"54":2,"55":2,"56":2,"57":2,"58":2,"59":2,"60":2,"61":2,"62":2,"63":2,"65":2,"67":12,"69":12,"70":12,"72":14,"74":14,"79":1,"80":3,"82":3,"83":3,"84":3,"85":3,"86":3,"87":3,"88":3},"branchMap":{"0":{"type":"branch","line":16,"loc":{"start":{"line":16,"column":7},"end":{"line":75,"column":1}},"locations":[{"start":{"line":16,"column":7},"end":{"line":75,"column":1}}]},"1":{"type":"branch","line":35,"loc":{"start":{"line":35,"column":21},"end":{"line":35,"column":44}},"locations":[{"start":{"line":35,"column":21},"end":{"line":35,"column":44}}]},"2":{"type":"branch","line":35,"loc":{"start":{"line":35,"column":33},"end":{"line":35,"column":65}},"locations":[{"start":{"line":35,"column":33},"end":{"line":35,"column":65}}]},"3":{"type":"branch","line":35,"loc":{"start":{"line":35,"column":50},"end":{"line":35,"column":91}},"locations":[{"start":{"line":35,"column":50},"end":{"line":35,"column":91}}]},"4":{"type":"branch","line":42,"loc":{"start":{"line":42,"column":8},"end":{"line":43,"column":44}},"locations":[{"start":{"line":42,"column":8},"end":{"line":43,"column":44}}]},"5":{"type":"branch","line":43,"loc":{"start":{"line":43,"column":12},"end":{"line":44,"column":61}},"locations":[{"start":{"line":43,"column":12},"end":{"line":44,"column":61}}]},"6":{"type":"branch","line":47,"loc":{"start":{"line":47,"column":7},"end":{"line":66,"column":15}},"locations":[{"start":{"line":47,"column":7},"end":{"line":66,"column":15}}]},"7":{"type":"branch","line":66,"loc":{"start":{"line":66,"column":8},"end":{"line":71,"column":11}},"locations":[{"start":{"line":66,"column":8},"end":{"line":71,"column":11}}]},"8":{"type":"branch","line":23,"loc":{"start":{"line":23,"column":25},"end":{"line":33,"column":3}},"locations":[{"start":{"line":23,"column":25},"end":{"line":33,"column":3}}]},"9":{"type":"branch","line":24,"loc":{"start":{"line":24,"column":27},"end":{"line":27,"column":5}},"locations":[{"start":{"line":24,"column":27},"end":{"line":27,"column":5}}]},"10":{"type":"branch","line":80,"loc":{"start":{"line":80,"column":7},"end":{"line":89,"column":1}},"locations":[{"start":{"line":80,"column":7},"end":{"line":89,"column":1}}]},"11":{"type":"branch","line":87,"loc":{"start":{"line":87,"column":20},"end":{"line":87,"column":39}},"locations":[{"start":{"line":87,"column":20},"end":{"line":87,"column":39}}]}},"b":{"0":[14],"1":[13],"2":[11],"3":[8],"4":[7],"5":[7],"6":[2],"7":[12],"8":[2],"9":[0],"10":[3],"11":[2]},"fnMap":{"0":{"name":"ShopifyCheckoutButton","decl":{"start":{"line":16,"column":7},"end":{"line":75,"column":1}},"loc":{"start":{"line":16,"column":7},"end":{"line":75,"column":1}},"line":16},"1":{"name":"handleCheckout","decl":{"start":{"line":23,"column":25},"end":{"line":33,"column":3}},"loc":{"start":{"line":23,"column":25},"end":{"line":33,"column":3}},"line":23},"2":{"name":"useShopifyCheckout","decl":{"start":{"line":80,"column":7},"end":{"line":89,"column":1}},"loc":{"start":{"line":80,"column":7},"end":{"line":89,"column":1}},"line":80}},"f":{"0":14,"1":2,"2":3}}
,"C:\\xampp\\htdocs\\ecommerce-react-shopify\\src\\components\\home\\ArtistCircles.tsx": {"path":"C:\\xampp\\htdocs\\ecommerce-react-shopify\\src\\components\\home\\ArtistCircles.tsx","all":false,"statementMap":{"0":{"start":{"line":1,"column":0},"end":{"line":1,"column":31}},"37":{"start":{"line":38,"column":0},"end":{"line":38,"column":105}},"38":{"start":{"line":39,"column":0},"end":{"line":39,"column":34}},"40":{"start":{"line":41,"column":0},"end":{"line":41,"column":43}},"42":{"start":{"line":43,"column":0},"end":{"line":43,"column":36}},"43":{"start":{"line":44,"column":0},"end":{"line":44,"column":18}},"44":{"start":{"line":45,"column":0},"end":{"line":45,"column":12}},"45":{"start":{"line":46,"column":0},"end":{"line":46,"column":22}},"46":{"start":{"line":47,"column":0},"end":{"line":47,"column":5}},"47":{"start":{"line":48,"column":0},"end":{"line":48,"column":3}},"50":{"start":{"line":51,"column":0},"end":{"line":51,"column":43}},"51":{"start":{"line":52,"column":0},"end":{"line":52,"column":52}},"52":{"start":{"line":53,"column":0},"end":{"line":53,"column":10}},"55":{"start":{"line":56,"column":0},"end":{"line":56,"column":44}},"56":{"start":{"line":57,"column":0},"end":{"line":57,"column":45}},"57":{"start":{"line":58,"column":0},"end":{"line":58,"column":23}},"60":{"start":{"line":61,"column":0},"end":{"line":61,"column":61}},"61":{"start":{"line":62,"column":0},"end":{"line":62,"column":64}},"62":{"start":{"line":63,"column":0},"end":{"line":63,"column":38}},"63":{"start":{"line":64,"column":0},"end":{"line":64,"column":50}},"65":{"start":{"line":66,"column":0},"end":{"line":66,"column":10}},"66":{"start":{"line":67,"column":0},"end":{"line":67,"column":69}},"67":{"start":{"line":68,"column":0},"end":{"line":68,"column":41}},"68":{"start":{"line":69,"column":0},"end":{"line":69,"column":76}},"69":{"start":{"line":70,"column":0},"end":{"line":70,"column":27}},"70":{"start":{"line":71,"column":0},"end":{"line":71,"column":13}},"71":{"start":{"line":72,"column":0},"end":{"line":72,"column":61}},"72":{"start":{"line":73,"column":0},"end":{"line":73,"column":20}},"73":{"start":{"line":74,"column":0},"end":{"line":74,"column":12}},"75":{"start":{"line":76,"column":0},"end":{"line":76,"column":70}},"77":{"start":{"line":78,"column":0},"end":{"line":78,"column":36}},"79":{"start":{"line":80,"column":0},"end":{"line":80,"column":85}},"81":{"start":{"line":82,"column":0},"end":{"line":82,"column":20}},"82":{"start":{"line":83,"column":0},"end":{"line":83,"column":21}},"83":{"start":{"line":84,"column":0},"end":{"line":84,"column":35}},"84":{"start":{"line":85,"column":0},"end":{"line":85,"column":58}},"85":{"start":{"line":86,"column":0},"end":{"line":86,"column":30}},"86":{"start":{"line":87,"column":0},"end":{"line":87,"column":68}},"87":{"start":{"line":88,"column":0},"end":{"line":88,"column":65}},"88":{"start":{"line":89,"column":0},"end":{"line":89,"column":18}},"91":{"start":{"line":92,"column":0},"end":{"line":92,"column":35}},"92":{"start":{"line":93,"column":0},"end":{"line":93,"column":75}},"93":{"start":{"line":94,"column":0},"end":{"line":94,"column":44}},"94":{"start":{"line":95,"column":0},"end":{"line":95,"column":50}},"95":{"start":{"line":96,"column":0},"end":{"line":96,"column":48}},"96":{"start":{"line":97,"column":0},"end":{"line":97,"column":66}},"97":{"start":{"line":98,"column":0},"end":{"line":98,"column":19}},"98":{"start":{"line":99,"column":0},"end":{"line":99,"column":22}},"99":{"start":{"line":100,"column":0},"end":{"line":100,"column":38}},"100":{"start":{"line":101,"column":0},"end":{"line":101,"column":37}},"101":{"start":{"line":102,"column":0},"end":{"line":102,"column":114}},"102":{"start":{"line":103,"column":0},"end":{"line":103,"column":34}},"103":{"start":{"line":104,"column":0},"end":{"line":104,"column":31}},"104":{"start":{"line":105,"column":0},"end":{"line":105,"column":32}},"105":{"start":{"line":106,"column":0},"end":{"line":106,"column":20}},"106":{"start":{"line":107,"column":0},"end":{"line":107,"column":22}},"109":{"start":{"line":110,"column":0},"end":{"line":110,"column":36}},"110":{"start":{"line":111,"column":0},"end":{"line":111,"column":95}},"111":{"start":{"line":112,"column":0},"end":{"line":112,"column":84}},"112":{"start":{"line":113,"column":0},"end":{"line":113,"column":19}},"113":{"start":{"line":114,"column":0},"end":{"line":114,"column":31}},"114":{"start":{"line":115,"column":0},"end":{"line":115,"column":23}},"115":{"start":{"line":116,"column":0},"end":{"line":116,"column":70}},"116":{"start":{"line":117,"column":0},"end":{"line":117,"column":88}},"117":{"start":{"line":118,"column":0},"end":{"line":118,"column":23}},"118":{"start":{"line":119,"column":0},"end":{"line":119,"column":23}},"120":{"start":{"line":121,"column":0},"end":{"line":121,"column":13}},"121":{"start":{"line":122,"column":0},"end":{"line":122,"column":14}},"124":{"start":{"line":125,"column":0},"end":{"line":125,"column":42}},"125":{"start":{"line":126,"column":0},"end":{"line":126,"column":17}},"126":{"start":{"line":127,"column":0},"end":{"line":127,"column":40}},"127":{"start":{"line":128,"column":0},"end":{"line":128,"column":96}},"128":{"start":{"line":129,"column":0},"end":{"line":129,"column":28}},"129":{"start":{"line":130,"column":0},"end":{"line":130,"column":81}},"130":{"start":{"line":131,"column":0},"end":{"line":131,"column":57}},"131":{"start":{"line":132,"column":0},"end":{"line":132,"column":15}},"132":{"start":{"line":133,"column":0},"end":{"line":133,"column":11}},"134":{"start":{"line":135,"column":0},"end":{"line":135,"column":19}},"135":{"start":{"line":136,"column":0},"end":{"line":136,"column":14}},"137":{"start":{"line":138,"column":0},"end":{"line":138,"column":12}},"138":{"start":{"line":139,"column":0},"end":{"line":139,"column":14}},"140":{"start":{"line":141,"column":0},"end":{"line":141,"column":1}}},"s":{"0":1,"37":1,"38":9,"40":8,"42":2,"43":1,"44":1,"45":1,"46":1,"47":2,"50":8,"51":3,"52":5,"55":9,"56":3,"57":5,"60":9,"61":9,"62":1,"63":7,"65":9,"66":9,"67":9,"68":9,"69":9,"70":9,"71":9,"72":9,"73":9,"75":9,"77":9,"79":15,"81":15,"82":15,"83":15,"84":15,"85":15,"86":15,"87":15,"88":15,"91":15,"92":15,"93":15,"94":15,"95":3,"96":12,"97":15,"98":15,"99":15,"100":15,"101":15,"102":15,"103":15,"104":15,"105":15,"106":15,"109":15,"110":15,"111":15,"112":15,"113":15,"114":15,"115":15,"116":15,"117":15,"118":15,"120":9,"121":9,"124":9,"125":9,"126":9,"127":9,"128":9,"129":3,"130":5,"131":9,"132":9,"134":9,"135":9,"137":9,"138":9,"140":9},"branchMap":{"0":{"type":"branch","line":38,"loc":{"start":{"line":38,"column":7},"end":{"line":141,"column":1}},"locations":[{"start":{"line":38,"column":7},"end":{"line":141,"column":1}}]},"1":{"type":"branch","line":39,"loc":{"start":{"line":39,"column":23},"end":{"line":39,"column":34}},"locations":[{"start":{"line":39,"column":23},"end":{"line":39,"column":34}}]},"2":{"type":"branch","line":39,"loc":{"start":{"line":39,"column":30},"end":{"line":51,"column":43}},"locations":[{"start":{"line":39,"column":30},"end":{"line":51,"column":43}}]},"3":{"type":"branch","line":51,"loc":{"start":{"line":51,"column":29},"end":{"line":52,"column":52}},"locations":[{"start":{"line":51,"column":29},"end":{"line":52,"column":52}}]},"4":{"type":"branch","line":52,"loc":{"start":{"line":52,"column":51},"end":{"line":53,"column":10}},"locations":[{"start":{"line":52,"column":51},"end":{"line":53,"column":10}}]},"5":{"type":"branch","line":56,"loc":{"start":{"line":56,"column":26},"end":{"line":57,"column":45}},"locations":[{"start":{"line":56,"column":26},"end":{"line":57,"column":45}}]},"6":{"type":"branch","line":57,"loc":{"start":{"line":57,"column":32},"end":{"line":58,"column":23}},"locations":[{"start":{"line":57,"column":32},"end":{"line":58,"column":23}}]},"7":{"type":"branch","line":61,"loc":{"start":{"line":61,"column":39},"end":{"line":61,"column":53}},"locations":[{"start":{"line":61,"column":39},"end":{"line":61,"column":53}}]},"8":{"type":"branch","line":61,"loc":{"start":{"line":61,"column":43},"end":{"line":61,"column":61}},"locations":[{"start":{"line":61,"column":43},"end":{"line":61,"column":61}}]},"9":{"type":"branch","line":62,"loc":{"start":{"line":62,"column":19},"end":{"line":62,"column":64}},"locations":[{"start":{"line":62,"column":19},"end":{"line":62,"column":64}}]},"10":{"type":"branch","line":62,"loc":{"start":{"line":62,"column":55},"end":{"line":63,"column":38}},"locations":[{"start":{"line":62,"column":55},"end":{"line":63,"column":38}}]},"11":{"type":"branch","line":63,"loc":{"start":{"line":63,"column":36},"end":{"line":64,"column":50}},"locations":[{"start":{"line":63,"column":36},"end":{"line":64,"column":50}}]},"12":{"type":"branch","line":129,"loc":{"start":{"line":129,"column":14},"end":{"line":130,"column":81}},"locations":[{"start":{"line":129,"column":14},"end":{"line":130,"column":81}}]},"13":{"type":"branch","line":130,"loc":{"start":{"line":130,"column":18},"end":{"line":131,"column":57}},"locations":[{"start":{"line":130,"column":18},"end":{"line":131,"column":57}}]},"14":{"type":"branch","line":41,"loc":{"start":{"line":41,"column":22},"end":{"line":48,"column":3}},"locations":[{"start":{"line":41,"column":22},"end":{"line":48,"column":3}}]},"15":{"type":"branch","line":43,"loc":{"start":{"line":43,"column":35},"end":{"line":47,"column":5}},"locations":[{"start":{"line":43,"column":35},"end":{"line":47,"column":5}}]},"16":{"type":"branch","line":52,"loc":{"start":{"line":52,"column":19},"end":{"line":52,"column":51}},"locations":[{"start":{"line":52,"column":19},"end":{"line":52,"column":51}}]},"17":{"type":"branch","line":78,"loc":{"start":{"line":78,"column":23},"end":{"line":121,"column":11}},"locations":[{"start":{"line":78,"column":23},"end":{"line":121,"column":11}}]},"18":{"type":"branch","line":88,"loc":{"start":{"line":88,"column":44},"end":{"line":88,"column":65}},"locations":[{"start":{"line":88,"column":44},"end":{"line":88,"column":65}}]},"19":{"type":"branch","line":95,"loc":{"start":{"line":95,"column":44},"end":{"line":96,"column":48}},"locations":[{"start":{"line":95,"column":44},"end":{"line":96,"column":48}}]},"20":{"type":"branch","line":96,"loc":{"start":{"line":96,"column":22},"end":{"line":97,"column":66}},"locations":[{"start":{"line":96,"column":22},"end":{"line":97,"column":66}}]},"21":{"type":"branch","line":112,"loc":{"start":{"line":112,"column":44},"end":{"line":112,"column":70}},"locations":[{"start":{"line":112,"column":44},"end":{"line":112,"column":70}}]},"22":{"type":"branch","line":112,"loc":{"start":{"line":112,"column":53},"end":{"line":112,"column":84}},"locations":[{"start":{"line":112,"column":53},"end":{"line":112,"column":84}}]},"23":{"type":"branch","line":117,"loc":{"start":{"line":117,"column":65},"end":{"line":117,"column":79}},"locations":[{"start":{"line":117,"column":65},"end":{"line":117,"column":79}}]},"24":{"type":"branch","line":117,"loc":{"start":{"line":117,"column":69},"end":{"line":117,"column":88}},"locations":[{"start":{"line":117,"column":69},"end":{"line":117,"column":88}}]},"25":{"type":"branch","line":85,"loc":{"start":{"line":85,"column":25},"end":{"line":85,"column":58}},"locations":[{"start":{"line":85,"column":25},"end":{"line":85,"column":58}}]}},"b":{"0":[9],"1":[1],"2":[8],"3":[3],"4":[5],"5":[3],"6":[5],"7":[0],"8":[8],"9":[3],"10":[1],"11":[7],"12":[3],"13":[5],"14":[2],"15":[1],"16":[3],"17":[15],"18":[3],"19":[3],"20":[12],"21":[3],"22":[12],"23":[1],"24":[14],"25":[2]},"fnMap":{"0":{"name":"ArtistCircles","decl":{"start":{"line":38,"column":7},"end":{"line":141,"column":1}},"loc":{"start":{"line":38,"column":7},"end":{"line":141,"column":1}},"line":38},"1":{"name":"handleClick","decl":{"start":{"line":41,"column":22},"end":{"line":48,"column":3}},"loc":{"start":{"line":41,"column":22},"end":{"line":48,"column":3}},"line":41},"2":{"name":"onClick","decl":{"start":{"line":85,"column":25},"end":{"line":85,"column":58}},"loc":{"start":{"line":85,"column":25},"end":{"line":85,"column":58}},"line":85},"3":{"name":"onClick","decl":{"start":{"line":127,"column":21},"end":{"line":127,"column":40}},"loc":{"start":{"line":127,"column":21},"end":{"line":127,"column":40}},"line":127}},"f":{"0":9,"1":2,"2":2,"3":0}}
,"C:\\xampp\\htdocs\\ecommerce-react-shopify\\src\\components\\layout\\Footer.tsx": {"path":"C:\\xampp\\htdocs\\ecommerce-react-shopify\\src\\components\\layout\\Footer.tsx","all":true,"statementMap":{"0":{"start":{"line":1,"column":0},"end":{"line":1,"column":35}},"8":{"start":{"line":9,"column":0},"end":{"line":9,"column":34}},"9":{"start":{"line":10,"column":0},"end":{"line":10,"column":10}},"10":{"start":{"line":11,"column":0},"end":{"line":11,"column":50}},"11":{"start":{"line":12,"column":0},"end":{"line":12,"column":68}},"12":{"start":{"line":13,"column":0},"end":{"line":13,"column":88}},"14":{"start":{"line":15,"column":0},"end":{"line":15,"column":41}},"15":{"start":{"line":16,"column":0},"end":{"line":16,"column":58}},"16":{"start":{"line":17,"column":0},"end":{"line":17,"column":97}},"17":{"start":{"line":18,"column":0},"end":{"line":18,"column":76}},"18":{"start":{"line":19,"column":0},"end":{"line":19,"column":100}},"19":{"start":{"line":20,"column":0},"end":{"line":20,"column":102}},"20":{"start":{"line":21,"column":0},"end":{"line":21,"column":78}},"21":{"start":{"line":22,"column":0},"end":{"line":22,"column":22}},"22":{"start":{"line":23,"column":0},"end":{"line":23,"column":20}},"23":{"start":{"line":24,"column":0},"end":{"line":24,"column":67}},"25":{"start":{"line":26,"column":0},"end":{"line":26,"column":21}},"26":{"start":{"line":27,"column":0},"end":{"line":27,"column":18}},"27":{"start":{"line":28,"column":0},"end":{"line":28,"column":62}},"30":{"start":{"line":31,"column":0},"end":{"line":31,"column":16}},"31":{"start":{"line":32,"column":0},"end":{"line":32,"column":16}},"34":{"start":{"line":35,"column":0},"end":{"line":35,"column":15}},"35":{"start":{"line":36,"column":0},"end":{"line":36,"column":101}},"36":{"start":{"line":37,"column":0},"end":{"line":37,"column":64}},"37":{"start":{"line":38,"column":0},"end":{"line":38,"column":18}},"38":{"start":{"line":39,"column":0},"end":{"line":39,"column":107}},"39":{"start":{"line":40,"column":0},"end":{"line":40,"column":19}},"40":{"start":{"line":41,"column":0},"end":{"line":41,"column":18}},"41":{"start":{"line":42,"column":0},"end":{"line":42,"column":98}},"42":{"start":{"line":43,"column":0},"end":{"line":43,"column":19}},"43":{"start":{"line":44,"column":0},"end":{"line":44,"column":17}},"44":{"start":{"line":45,"column":0},"end":{"line":45,"column":16}},"47":{"start":{"line":48,"column":0},"end":{"line":48,"column":15}},"48":{"start":{"line":49,"column":0},"end":{"line":49,"column":102}},"49":{"start":{"line":50,"column":0},"end":{"line":50,"column":64}},"50":{"start":{"line":51,"column":0},"end":{"line":51,"column":18}},"51":{"start":{"line":52,"column":0},"end":{"line":52,"column":106}},"52":{"start":{"line":53,"column":0},"end":{"line":53,"column":19}},"53":{"start":{"line":54,"column":0},"end":{"line":54,"column":18}},"54":{"start":{"line":55,"column":0},"end":{"line":55,"column":18}},"55":{"start":{"line":56,"column":0},"end":{"line":56,"column":54}},"56":{"start":{"line":57,"column":0},"end":{"line":57,"column":33}},"57":{"start":{"line":58,"column":0},"end":{"line":58,"column":43}},"58":{"start":{"line":59,"column":0},"end":{"line":59,"column":67}},"59":{"start":{"line":60,"column":0},"end":{"line":60,"column":17}},"61":{"start":{"line":62,"column":0},"end":{"line":62,"column":20}},"62":{"start":{"line":63,"column":0},"end":{"line":63,"column":19}},"63":{"start":{"line":64,"column":0},"end":{"line":64,"column":17}},"64":{"start":{"line":65,"column":0},"end":{"line":65,"column":16}},"67":{"start":{"line":68,"column":0},"end":{"line":68,"column":15}},"68":{"start":{"line":69,"column":0},"end":{"line":69,"column":104}},"69":{"start":{"line":70,"column":0},"end":{"line":70,"column":64}},"70":{"start":{"line":71,"column":0},"end":{"line":71,"column":18}},"71":{"start":{"line":72,"column":0},"end":{"line":72,"column":111}},"72":{"start":{"line":73,"column":0},"end":{"line":73,"column":19}},"73":{"start":{"line":74,"column":0},"end":{"line":74,"column":18}},"74":{"start":{"line":75,"column":0},"end":{"line":75,"column":108}},"75":{"start":{"line":76,"column":0},"end":{"line":76,"column":19}},"76":{"start":{"line":77,"column":0},"end":{"line":77,"column":18}},"77":{"start":{"line":78,"column":0},"end":{"line":78,"column":114}},"78":{"start":{"line":79,"column":0},"end":{"line":79,"column":19}},"79":{"start":{"line":80,"column":0},"end":{"line":80,"column":17}},"80":{"start":{"line":81,"column":0},"end":{"line":81,"column":16}},"81":{"start":{"line":82,"column":0},"end":{"line":82,"column":14}},"84":{"start":{"line":85,"column":0},"end":{"line":85,"column":65}},"85":{"start":{"line":86,"column":0},"end":{"line":86,"column":94}},"86":{"start":{"line":87,"column":0},"end":{"line":87,"column":53}},"87":{"start":{"line":88,"column":0},"end":{"line":88,"column":78}},"88":{"start":{"line":89,"column":0},"end":{"line":89,"column":16}},"89":{"start":{"line":90,"column":0},"end":{"line":90,"column":53}},"91":{"start":{"line":92,"column":0},"end":{"line":92,"column":16}},"92":{"start":{"line":93,"column":0},"end":{"line":93,"column":16}},"93":{"start":{"line":94,"column":0},"end":{"line":94,"column":14}},"94":{"start":{"line":95,"column":0},"end":{"line":95,"column":12}},"95":{"start":{"line":96,"column":0},"end":{"line":96,"column":13}},"97":{"start":{"line":98,"column":0},"end":{"line":98,"column":1}}},"s":{"0":0,"8":0,"9":0,"10":0,"11":0,"12":0,"14":0,"15":0,"16":0,"17":0,"18":0,"19":0,"20":0,"21":0,"22":0,"23":0,"25":0,"26":0,"27":0,"30":0,"31":0,"34":0,"35":0,"36":0,"37":0,"38":0,"39":0,"40":0,"41":0,"42":0,"43":0,"44":0,"47":0,"48":0,"49":0,"50":0,"51":0,"52":0,"53":0,"54":0,"55":0,"56":0,"57":0,"58":0,"59":0,"61":0,"62":0,"63":0,"64":0,"67":0,"68":0,"69":0,"70":0,"71":0,"72":0,"73":0,"74":0,"75":0,"76":0,"77":0,"78":0,"79":0,"80":0,"81":0,"84":0,"85":0,"86":0,"87":0,"88":0,"89":0,"91":0,"92":0,"93":0,"94":0,"95":0,"97":0},"branchMap":{"0":{"type":"branch","line":1,"loc":{"start":{"line":1,"column":0},"end":{"line":98,"column":-2525}},"locations":[{"start":{"line":1,"column":0},"end":{"line":98,"column":-2525}}]}},"b":{"0":[0]},"fnMap":{"0":{"name":"(empty-report)","decl":{"start":{"line":1,"column":0},"end":{"line":98,"column":-2525}},"loc":{"start":{"line":1,"column":0},"end":{"line":98,"column":-2525}},"line":1}},"f":{"0":0}}
,"C:\\xampp\\htdocs\\ecommerce-react-shopify\\src\\components\\layout\\Header.tsx": {"path":"C:\\xampp\\htdocs\\ecommerce-react-shopify\\src\\components\\layout\\Header.tsx","all":false,"statementMap":{"0":{"start":{"line":1,"column":0},"end":{"line":1,"column":51}},"7":{"start":{"line":8,"column":0},"end":{"line":8,"column":27}},"8":{"start":{"line":9,"column":0},"end":{"line":9,"column":53}},"9":{"start":{"line":10,"column":0},"end":{"line":10,"column":51}},"10":{"start":{"line":11,"column":0},"end":{"line":11,"column":49}},"11":{"start":{"line":12,"column":0},"end":{"line":12,"column":1}},"25":{"start":{"line":26,"column":0},"end":{"line":26,"column":34}},"26":{"start":{"line":27,"column":0},"end":{"line":27,"column":33}},"27":{"start":{"line":28,"column":0},"end":{"line":28,"column":36}},"28":{"start":{"line":29,"column":0},"end":{"line":29,"column":32}},"29":{"start":{"line":30,"column":0},"end":{"line":30,"column":61}},"30":{"start":{"line":31,"column":0},"end":{"line":31,"column":63}},"31":{"start":{"line":32,"column":0},"end":{"line":32,"column":75}},"32":{"start":{"line":33,"column":0},"end":{"line":33,"column":50}},"35":{"start":{"line":36,"column":0},"end":{"line":36,"column":19}},"36":{"start":{"line":37,"column":0},"end":{"line":37,"column":52}},"37":{"start":{"line":38,"column":0},"end":{"line":38,"column":87}},"38":{"start":{"line":39,"column":0},"end":{"line":39,"column":33}},"39":{"start":{"line":40,"column":0},"end":{"line":40,"column":7}},"40":{"start":{"line":41,"column":0},"end":{"line":41,"column":5}},"41":{"start":{"line":42,"column":0},"end":{"line":42,"column":62}},"42":{"start":{"line":43,"column":0},"end":{"line":43,"column":78}},"43":{"start":{"line":44,"column":0},"end":{"line":44,"column":8}},"45":{"start":{"line":46,"column":0},"end":{"line":46,"column":38}},"46":{"start":{"line":47,"column":0},"end":{"line":47,"column":54}},"47":{"start":{"line":48,"column":0},"end":{"line":48,"column":45}},"48":{"start":{"line":49,"column":0},"end":{"line":49,"column":3}},"50":{"start":{"line":51,"column":0},"end":{"line":51,"column":10}},"51":{"start":{"line":52,"column":0},"end":{"line":52,"column":76}},"52":{"start":{"line":53,"column":0},"end":{"line":53,"column":101}},"54":{"start":{"line":55,"column":0},"end":{"line":55,"column":15}},"55":{"start":{"line":56,"column":0},"end":{"line":56,"column":60}},"56":{"start":{"line":57,"column":0},"end":{"line":57,"column":104}},"57":{"start":{"line":58,"column":0},"end":{"line":58,"column":66}},"58":{"start":{"line":59,"column":0},"end":{"line":59,"column":40}},"60":{"start":{"line":61,"column":0},"end":{"line":61,"column":29}},"61":{"start":{"line":62,"column":0},"end":{"line":62,"column":91}},"62":{"start":{"line":63,"column":0},"end":{"line":63,"column":110}},"63":{"start":{"line":64,"column":0},"end":{"line":64,"column":18}},"65":{"start":{"line":66,"column":0},"end":{"line":66,"column":91}},"66":{"start":{"line":67,"column":0},"end":{"line":67,"column":113}},"67":{"start":{"line":68,"column":0},"end":{"line":68,"column":18}},"69":{"start":{"line":70,"column":0},"end":{"line":70,"column":17}},"72":{"start":{"line":73,"column":0},"end":{"line":73,"column":63}},"74":{"start":{"line":75,"column":0},"end":{"line":75,"column":92}},"75":{"start":{"line":76,"column":0},"end":{"line":76,"column":16}},"76":{"start":{"line":77,"column":0},"end":{"line":77,"column":24}},"77":{"start":{"line":78,"column":0},"end":{"line":78,"column":25}},"78":{"start":{"line":79,"column":0},"end":{"line":79,"column":33}},"79":{"start":{"line":80,"column":0},"end":{"line":80,"column":25}},"80":{"start":{"line":81,"column":0},"end":{"line":81,"column":48}},"83":{"start":{"line":84,"column":0},"end":{"line":84,"column":106}},"84":{"start":{"line":85,"column":0},"end":{"line":85,"column":108}},"85":{"start":{"line":86,"column":0},"end":{"line":86,"column":72}},"86":{"start":{"line":87,"column":0},"end":{"line":87,"column":18}},"87":{"start":{"line":88,"column":0},"end":{"line":88,"column":16}},"90":{"start":{"line":91,"column":0},"end":{"line":91,"column":15}},"91":{"start":{"line":92,"column":0},"end":{"line":92,"column":112}},"93":{"start":{"line":94,"column":0},"end":{"line":94,"column":19}},"94":{"start":{"line":95,"column":0},"end":{"line":95,"column":82}},"96":{"start":{"line":97,"column":0},"end":{"line":97,"column":19}},"97":{"start":{"line":98,"column":0},"end":{"line":98,"column":16}},"98":{"start":{"line":99,"column":0},"end":{"line":99,"column":15}},"101":{"start":{"line":102,"column":0},"end":{"line":102,"column":88}},"103":{"start":{"line":104,"column":0},"end":{"line":104,"column":54}},"104":{"start":{"line":105,"column":0},"end":{"line":105,"column":19}},"105":{"start":{"line":106,"column":0},"end":{"line":106,"column":66}},"106":{"start":{"line":107,"column":0},"end":{"line":107,"column":104}},"107":{"start":{"line":108,"column":0},"end":{"line":108,"column":40}},"108":{"start":{"line":109,"column":0},"end":{"line":109,"column":35}},"109":{"start":{"line":110,"column":0},"end":{"line":110,"column":55}},"110":{"start":{"line":111,"column":0},"end":{"line":111,"column":17}},"111":{"start":{"line":112,"column":0},"end":{"line":112,"column":13}},"113":{"start":{"line":114,"column":0},"end":{"line":114,"column":18}},"114":{"start":{"line":115,"column":0},"end":{"line":115,"column":110}},"115":{"start":{"line":116,"column":0},"end":{"line":116,"column":27}},"116":{"start":{"line":117,"column":0},"end":{"line":117,"column":35}},"117":{"start":{"line":118,"column":0},"end":{"line":118,"column":37}},"119":{"start":{"line":120,"column":0},"end":{"line":120,"column":104}},"120":{"start":{"line":121,"column":0},"end":{"line":121,"column":20}},"121":{"start":{"line":122,"column":0},"end":{"line":122,"column":21}},"124":{"start":{"line":125,"column":0},"end":{"line":125,"column":16}},"125":{"start":{"line":126,"column":0},"end":{"line":126,"column":143}},"126":{"start":{"line":127,"column":0},"end":{"line":127,"column":31}},"127":{"start":{"line":128,"column":0},"end":{"line":128,"column":131}},"128":{"start":{"line":129,"column":0},"end":{"line":129,"column":121}},"129":{"start":{"line":130,"column":0},"end":{"line":130,"column":17}},"131":{"start":{"line":132,"column":0},"end":{"line":132,"column":36}},"132":{"start":{"line":133,"column":0},"end":{"line":133,"column":21}},"133":{"start":{"line":134,"column":0},"end":{"line":134,"column":35}},"134":{"start":{"line":135,"column":0},"end":{"line":135,"column":59}},"135":{"start":{"line":136,"column":0},"end":{"line":136,"column":102}},"136":{"start":{"line":137,"column":0},"end":{"line":137,"column":17}},"138":{"start":{"line":139,"column":0},"end":{"line":139,"column":23}},"139":{"start":{"line":140,"column":0},"end":{"line":140,"column":65}},"140":{"start":{"line":141,"column":0},"end":{"line":141,"column":52}},"141":{"start":{"line":142,"column":0},"end":{"line":142,"column":23}},"142":{"start":{"line":143,"column":0},"end":{"line":143,"column":39}},"143":{"start":{"line":144,"column":0},"end":{"line":144,"column":56}},"144":{"start":{"line":145,"column":0},"end":{"line":145,"column":61}},"145":{"start":{"line":146,"column":0},"end":{"line":146,"column":124}},"147":{"start":{"line":148,"column":0},"end":{"line":148,"column":33}},"148":{"start":{"line":149,"column":0},"end":{"line":149,"column":25}},"149":{"start":{"line":150,"column":0},"end":{"line":150,"column":19}},"150":{"start":{"line":151,"column":0},"end":{"line":151,"column":20}},"151":{"start":{"line":152,"column":0},"end":{"line":152,"column":18}},"152":{"start":{"line":153,"column":0},"end":{"line":153,"column":16}},"154":{"start":{"line":155,"column":0},"end":{"line":155,"column":15}},"155":{"start":{"line":156,"column":0},"end":{"line":156,"column":23}},"156":{"start":{"line":157,"column":0},"end":{"line":157,"column":78}},"157":{"start":{"line":158,"column":0},"end":{"line":158,"column":32}},"158":{"start":{"line":159,"column":0},"end":{"line":159,"column":33}},"159":{"start":{"line":160,"column":0},"end":{"line":160,"column":53}},"160":{"start":{"line":161,"column":0},"end":{"line":161,"column":15}},"161":{"start":{"line":162,"column":0},"end":{"line":162,"column":11}},"163":{"start":{"line":164,"column":0},"end":{"line":164,"column":17}},"164":{"start":{"line":165,"column":0},"end":{"line":165,"column":14}},"167":{"start":{"line":168,"column":0},"end":{"line":168,"column":15}},"168":{"start":{"line":169,"column":0},"end":{"line":169,"column":59}},"169":{"start":{"line":170,"column":0},"end":{"line":170,"column":114}},"170":{"start":{"line":171,"column":0},"end":{"line":171,"column":36}},"172":{"start":{"line":173,"column":0},"end":{"line":173,"column":89}},"173":{"start":{"line":174,"column":0},"end":{"line":174,"column":130}},"174":{"start":{"line":175,"column":0},"end":{"line":175,"column":16}},"175":{"start":{"line":176,"column":0},"end":{"line":176,"column":29}},"176":{"start":{"line":177,"column":0},"end":{"line":177,"column":149}},"177":{"start":{"line":178,"column":0},"end":{"line":178,"column":25}},"178":{"start":{"line":179,"column":0},"end":{"line":179,"column":19}},"180":{"start":{"lin
[...]
:100,"column":7},"end":{"line":117,"column":1}}]},"4":{"type":"branch","line":101,"loc":{"start":{"line":101,"column":29},"end":{"line":108,"column":49}},"locations":[{"start":{"line":101,"column":29},"end":{"line":108,"column":49}}]},"5":{"type":"branch","line":109,"loc":{"start":{"line":109,"column":19},"end":{"line":109,"column":33}},"locations":[{"start":{"line":109,"column":19},"end":{"line":109,"column":33}}]},"6":{"type":"branch","line":114,"loc":{"start":{"line":114,"column":30},"end":{"line":114,"column":45}},"locations":[{"start":{"line":114,"column":30},"end":{"line":114,"column":45}}]},"7":{"type":"branch","line":123,"loc":{"start":{"line":123,"column":7},"end":{"line":140,"column":1}},"locations":[{"start":{"line":123,"column":7},"end":{"line":140,"column":1}}]},"8":{"type":"branch","line":124,"loc":{"start":{"line":124,"column":29},"end":{"line":131,"column":49}},"locations":[{"start":{"line":124,"column":29},"end":{"line":131,"column":49}}]},"9":{"type":"branch","line":132,"loc":{"start":{"line":132,"column":19},"end":{"line":132,"column":33}},"locations":[{"start":{"line":132,"column":19},"end":{"line":132,"column":33}}]},"10":{"type":"branch","line":137,"loc":{"start":{"line":137,"column":30},"end":{"line":137,"column":45}},"locations":[{"start":{"line":137,"column":30},"end":{"line":137,"column":45}}]},"11":{"type":"branch","line":146,"loc":{"start":{"line":146,"column":7},"end":{"line":163,"column":1}},"locations":[{"start":{"line":146,"column":7},"end":{"line":163,"column":1}}]},"12":{"type":"branch","line":147,"loc":{"start":{"line":147,"column":29},"end":{"line":163,"column":1}},"locations":[{"start":{"line":147,"column":29},"end":{"line":163,"column":1}}]},"13":{"type":"branch","line":277,"loc":{"start":{"line":277,"column":7},"end":{"line":283,"column":1}},"locations":[{"start":{"line":277,"column":7},"end":{"line":283,"column":1}}]},"14":{"type":"branch","line":278,"loc":{"start":{"line":278,"column":29},"end":{"line":283,"column":1}},"locations":[{"start":{"line":278,"column":29},"end":{"line":283,"column":1}}]}},"b":{"0":[59],"1":[0],"2":[0],"3":[54],"4":[0],"5":[0],"6":[0],"7":[1],"8":[0],"9":[0],"10":[0],"11":[1],"12":[0],"13":[3],"14":[0]},"fnMap":{"0":{"name":"isAnalyticsEnabled","decl":{"start":{"line":26,"column":0},"end":{"line":32,"column":1}},"loc":{"start":{"line":26,"column":0},"end":{"line":32,"column":1}},"line":26},"1":{"name":"pageview","decl":{"start":{"line":38,"column":7},"end":{"line":45,"column":1}},"loc":{"start":{"line":38,"column":7},"end":{"line":45,"column":1}},"line":38},"2":{"name":"trackEvent","decl":{"start":{"line":51,"column":7},"end":{"line":58,"column":1}},"loc":{"start":{"line":51,"column":7},"end":{"line":58,"column":1}},"line":51},"3":{"name":"trackViewItem","decl":{"start":{"line":77,"column":7},"end":{"line":94,"column":1}},"loc":{"start":{"line":77,"column":7},"end":{"line":94,"column":1}},"line":77},"4":{"name":"trackAddToCart","decl":{"start":{"line":100,"column":7},"end":{"line":117,"column":1}},"loc":{"start":{"line":100,"column":7},"end":{"line":117,"column":1}},"line":100},"5":{"name":"trackRemoveFromCart","decl":{"start":{"line":123,"column":7},"end":{"line":140,"column":1}},"loc":{"start":{"line":123,"column":7},"end":{"line":140,"column":1}},"line":123},"6":{"name":"trackViewCart","decl":{"start":{"line":146,"column":7},"end":{"line":163,"column":1}},"loc":{"start":{"line":146,"column":7},"end":{"line":163,"column":1}},"line":146},"7":{"name":"trackBeginCheckout","decl":{"start":{"line":169,"column":7},"end":{"line":186,"column":1}},"loc":{"start":{"line":169,"column":7},"end":{"line":186,"column":1}},"line":169},"8":{"name":"trackAddPaymentInfo","decl":{"start":{"line":192,"column":7},"end":{"line":209,"column":1}},"loc":{"start":{"line":192,"column":7},"end":{"line":209,"column":1}},"line":192},"9":{"name":"trackPurchase","decl":{"start":{"line":215,"column":7},"end":{"line":241,"column":1}},"loc":{"start":{"line":215,"column":7},"end":{"line":241,"column":1}},"line":215},"10":{"name":"trackSearch","decl":{"start":{"line":251,"column":7},"end":{"line":257,"column":1}},"loc":{"start":{"line":251,"column":7},"end":{"line":257,"column":1}},"line":251},"11":{"name":"trackShare","decl":{"start":{"line":263,"column":7},"end":{"line":271,"column":1}},"loc":{"start":{"line":263,"column":7},"end":{"line":271,"column":1}},"line":263},"12":{"name":"trackNewsletterSignup","decl":{"start":{"line":277,"column":7},"end":{"line":283,"column":1}},"loc":{"start":{"line":277,"column":7},"end":{"line":283,"column":1}},"line":277}},"f":{"0":59,"1":0,"2":0,"3":0,"4":54,"5":1,"6":1,"7":0,"8":0,"9":0,"10":0,"11":0,"12":3}}
,"C:\\xampp\\htdocs\\ecommerce-react-shopify\\src\\utils\\cn.ts": {"path":"C:\\xampp\\htdocs\\ecommerce-react-shopify\\src\\utils\\cn.ts","all":false,"statementMap":{"4":{"start":{"line":5,"column":0},"end":{"line":5,"column":80}},"5":{"start":{"line":6,"column":0},"end":{"line":6,"column":15}},"6":{"start":{"line":7,"column":0},"end":{"line":7,"column":86}},"7":{"start":{"line":8,"column":0},"end":{"line":8,"column":14}},"8":{"start":{"line":9,"column":0},"end":{"line":9,"column":1}}},"s":{"4":1,"5":45,"6":45,"7":45,"8":45},"branchMap":{"0":{"type":"branch","line":5,"loc":{"start":{"line":5,"column":7},"end":{"line":9,"column":1}},"locations":[{"start":{"line":5,"column":7},"end":{"line":9,"column":1}}]},"1":{"type":"branch","line":7,"loc":{"start":{"line":7,"column":12},"end":{"line":7,"column":85}},"locations":[{"start":{"line":7,"column":12},"end":{"line":7,"column":85}}]},"2":{"type":"branch","line":7,"loc":{"start":{"line":7,"column":57},"end":{"line":7,"column":85}},"locations":[{"start":{"line":7,"column":57},"end":{"line":7,"column":85}}]}},"b":{"0":[45],"1":[105],"2":[93]},"fnMap":{"0":{"name":"cn","decl":{"start":{"line":5,"column":7},"end":{"line":9,"column":1}},"loc":{"start":{"line":5,"column":7},"end":{"line":9,"column":1}},"line":5}},"f":{"0":45}}
,"C:\\xampp\\htdocs\\ecommerce-react-shopify\\src\\utils\\images.ts": {"path":"C:\\xampp\\htdocs\\ecommerce-react-shopify\\src\\utils\\images.ts","all":false,"statementMap":{"15":{"start":{"line":16,"column":0},"end":{"line":16,"column":68}},"20":{"start":{"line":21,"column":0},"end":{"line":21,"column":28}},"21":{"start":{"line":22,"column":0},"end":{"line":22,"column":64}},"22":{"start":{"line":23,"column":0},"end":{"line":23,"column":51}},"23":{"start":{"line":24,"column":0},"end":{"line":24,"column":61}},"24":{"start":{"line":25,"column":0},"end":{"line":25,"column":54}},"25":{"start":{"line":26,"column":0},"end":{"line":26,"column":1}},"38":{"start":{"line":39,"column":0},"end":{"line":39,"column":72}},"42":{"start":{"line":43,"column":0},"end":{"line":43,"column":17}},"43":{"start":{"line":44,"column":0},"end":{"line":44,"column":21}},"46":{"start":{"line":47,"column":0},"end":{"line":47,"column":25}},"47":{"start":{"line":48,"column":0},"end":{"line":48,"column":50}},"48":{"start":{"line":49,"column":0},"end":{"line":49,"column":3}},"51":{"start":{"line":52,"column":0},"end":{"line":52,"column":40}},"52":{"start":{"line":53,"column":0},"end":{"line":53,"column":1}},"63":{"start":{"line":64,"column":0},"end":{"line":64,"column":66}},"67":{"start":{"line":68,"column":0},"end":{"line":68,"column":17}},"68":{"start":{"line":69,"column":0},"end":{"line":69,"column":9}},"69":{"start":{"line":70,"column":0},"end":{"line":70,"column":21}},"70":{"start":{"line":71,"column":0},"end":{"line":71,"column":20}},"71":{"start":{"line":72,"column":0},"end":{"line":72,"column":18}},"72":{"start":{"line":73,"column":0},"end":{"line":73,"column":13}},"76":{"start":{"line":77,"column":0},"end":{"line":77,"column":22}},"77":{"start":{"line":78,"column":0},"end":{"line":78,"column":19}},"78":{"start":{"line":79,"column":0},"end":{"line":79,"column":16}},"79":{"start":{"line":80,"column":0},"end":{"line":80,"column":19}},"80":{"start":{"line":81,"column":0},"end":{"line":81,"column":17}},"81":{"start":{"line":82,"column":0},"end":{"line":82,"column":13}},"85":{"start":{"line":86,"column":0},"end":{"line":86,"column":44}},"86":{"start":{"line":87,"column":0},"end":{"line":87,"column":97}},"87":{"start":{"line":88,"column":0},"end":{"line":88,"column":1}},"93":{"start":{"line":94,"column":0},"end":{"line":94,"column":66}},"94":{"start":{"line":95,"column":0},"end":{"line":95,"column":45}},"96":{"start":{"line":97,"column":0},"end":{"line":97,"column":49}},"97":{"start":{"line":98,"column":0},"end":{"line":98,"column":43}},"98":{"start":{"line":99,"column":0},"end":{"line":99,"column":1}},"108":{"start":{"line":109,"column":0},"end":{"line":109,"column":91}},"109":{"start":{"line":110,"column":0},"end":{"line":110,"column":15}},"110":{"start":{"line":111,"column":0},"end":{"line":111,"column":49}},"111":{"start":{"line":112,"column":0},"end":{"line":112,"column":15}},"112":{"start":{"line":113,"column":0},"end":{"line":113,"column":1}},"121":{"start":{"line":122,"column":0},"end":{"line":122,"column":76}},"122":{"start":{"line":123,"column":0},"end":{"line":123,"column":44}},"123":{"start":{"line":124,"column":0},"end":{"line":124,"column":34}},"124":{"start":{"line":125,"column":0},"end":{"line":125,"column":34}},"125":{"start":{"line":126,"column":0},"end":{"line":126,"column":22}},"126":{"start":{"line":127,"column":0},"end":{"line":127,"column":3}},"128":{"start":{"line":129,"column":0},"end":{"line":129,"column":48}},"130":{"start":{"line":131,"column":0},"end":{"line":131,"column":31}},"131":{"start":{"line":132,"column":0},"end":{"line":132,"column":33}},"132":{"start":{"line":133,"column":0},"end":{"line":133,"column":63}},"133":{"start":{"line":134,"column":0},"end":{"line":134,"column":5}},"134":{"start":{"line":135,"column":0},"end":{"line":135,"column":15}},"135":{"start":{"line":136,"column":0},"end":{"line":136,"column":1}},"142":{"start":{"line":143,"column":0},"end":{"line":143,"column":70}},"143":{"start":{"line":144,"column":0},"end":{"line":144,"column":43}},"144":{"start":{"line":145,"column":0},"end":{"line":145,"column":27}},"145":{"start":{"line":146,"column":0},"end":{"line":146,"column":35}},"146":{"start":{"line":147,"column":0},"end":{"line":147,"column":24}},"147":{"start":{"line":148,"column":0},"end":{"line":148,"column":17}},"148":{"start":{"line":149,"column":0},"end":{"line":149,"column":4}},"149":{"start":{"line":150,"column":0},"end":{"line":150,"column":1}},"157":{"start":{"line":158,"column":0},"end":{"line":158,"column":120}},"159":{"start":{"line":160,"column":0},"end":{"line":160,"column":28}},"160":{"start":{"line":161,"column":0},"end":{"line":161,"column":25}},"161":{"start":{"line":162,"column":0},"end":{"line":162,"column":49}},"162":{"start":{"line":163,"column":0},"end":{"line":163,"column":26}},"163":{"start":{"line":164,"column":0},"end":{"line":164,"column":23}},"164":{"start":{"line":165,"column":0},"end":{"line":165,"column":21}},"165":{"start":{"line":166,"column":0},"end":{"line":166,"column":37}},"166":{"start":{"line":167,"column":0},"end":{"line":167,"column":6}},"167":{"start":{"line":168,"column":0},"end":{"line":168,"column":3}},"169":{"start":{"line":170,"column":0},"end":{"line":170,"column":44}},"170":{"start":{"line":171,"column":0},"end":{"line":171,"column":1}},"176":{"start":{"line":177,"column":0},"end":{"line":177,"column":46}},"177":{"start":{"line":178,"column":0},"end":{"line":178,"column":47}},"178":{"start":{"line":179,"column":0},"end":{"line":179,"column":1}},"184":{"start":{"line":185,"column":0},"end":{"line":185,"column":36}},"185":{"start":{"line":186,"column":0},"end":{"line":186,"column":51}},"186":{"start":{"line":187,"column":0},"end":{"line":187,"column":7}},"187":{"start":{"line":188,"column":0},"end":{"line":188,"column":51}},"188":{"start":{"line":189,"column":0},"end":{"line":189,"column":50}},"189":{"start":{"line":190,"column":0},"end":{"line":190,"column":69}},"190":{"start":{"line":191,"column":0},"end":{"line":191,"column":11}},"191":{"start":{"line":192,"column":0},"end":{"line":192,"column":16}},"192":{"start":{"line":193,"column":0},"end":{"line":193,"column":3}},"193":{"start":{"line":194,"column":0},"end":{"line":194,"column":4}},"195":{"start":{"line":196,"column":0},"end":{"line":196,"column":36}},"196":{"start":{"line":197,"column":0},"end":{"line":197,"column":51}},"197":{"start":{"line":198,"column":0},"end":{"line":198,"column":7}},"198":{"start":{"line":199,"column":0},"end":{"line":199,"column":51}},"199":{"start":{"line":200,"column":0},"end":{"line":200,"column":50}},"200":{"start":{"line":201,"column":0},"end":{"line":201,"column":69}},"201":{"start":{"line":202,"column":0},"end":{"line":202,"column":11}},"202":{"start":{"line":203,"column":0},"end":{"line":203,"column":16}},"203":{"start":{"line":204,"column":0},"end":{"line":204,"column":3}},"204":{"start":{"line":205,"column":0},"end":{"line":205,"column":4}}},"s":{"15":1,"20":1,"21":1,"22":1,"23":1,"24":1,"25":1,"38":1,"42":396,"43":396,"46":394,"47":394,"48":394,"51":0,"52":0,"63":394,"67":394,"68":394,"69":394,"70":394,"71":394,"72":394,"76":394,"77":394,"78":394,"79":394,"80":394,"81":394,"85":394,"86":394,"87":394,"93":0,"94":0,"96":0,"97":0,"98":0,"108":1,"109":53,"110":53,"111":53,"112":53,"121":1,"122":52,"123":52,"124":52,"125":52,"126":52,"128":52,"130":52,"131":52,"132":157,"133":52,"134":52,"135":52,"142":1,"143":25,"144":25,"145":25,"146":25,"147":25,"148":25,"149":25,"157":1,"159":0,"160":0,"161":0,"162":0,"163":0,"164":0,"165":0,"166":0,"167":0,"169":0,"170":0,"176":1,"177":1,"178":1,"184":1,"185":7,"186":7,"187":7,"188":7,"189":7,"190":7,"191":0,"192":0,"193":1,"195":1,"196":7,"197":7,"198":7,"199":7,"200":7,"201":7,"202":0,"203":0,"204":1},"branchMap":{"0":{"type":"branch","line":16,"loc":{"start":{"line":16,"column":41},"end":{"line":16,"column":68}},"locations":[{"start":{"line":16,"column":41},"end":{"line":16,"column":68}}]},"1":{"type":"branch","line":39,"loc":{"start":{"line":39,"column":7},"end":{"line":53,"column":1}},"locations":[{"start":{"line":39,"column":7},"end":{"line":53,"column":1}}]},"2":{"type":"branch","line":44,"loc":{"start":{"line":44,"column":12},"end":{"line":44,"column":21}},"locations":[{"start":{"line":44,"column":12},"end":{"line":44,"column":21}}]},"3":{"type":"branch","line":44,"loc":{"start":{"line":44,"column":19},"end":{"line":49,"column":3}},"locations":[{"start":{"line":44,"column":19},"end":{"line":49,"column":3}}]},"4":{"type":"branch","line":49,"loc":{"start":{"line":49,"column":2},"end":{"line":53,"column":1}},"locations":[{"start":{"line":49,"column":2},"end":{"line":53,"column":1}}]},"5":{"type":"branch","line":64,"loc":{"start":{"line":64,"column":0},"end":{"line":88,"column":1}},"locations":[{"start":{"line":64,"column":0},"end":{"line":88,"column":1}}]},"6":{"type":"branch","line":109,"loc":{"start":{"line":109,"column":7},"end":{"line":113,"column":1}},"locations":[{"start":{"line":109,"column":7},"end":{"line":113,"column":1}}]},"7":{"type":"branch","line":111,"loc":{"start":{"line":111,"column":9},"end":{"line":111,"column":48}},"locations":[{"start":{"line":111,"column":9},"end":{"line":111,"column":48}}]},"8":{"type":"branch","line":122,"loc":{"start":{"line":122,"column":7},"end":{"line":136,"column":1}},"locations":[{"start":{"line":122,"column":7},"end":{"line":136,"column":1}}]},"9":{"type":"branch","line":132,"loc":{"start":{"line":132,"column":9},"end":{"line":133,"column":63}},"locations":[{"start":{"line":132,"column":9},"end":{"line":133,"column":63}}]},"10":{"type":"branch","line":133,"loc":{"start":{"line":133,"column":21},"end":{"line":133,"column":40}},"locations":[{"start":{"line":133,"column":21},"end":{"line":133,"column":40}}]},"11":{"type":"branch","line":133,"loc":{"start":{"line":133,"column":33},"end":{"line":133,"column":63}},"locations":[{"start":{"line":133,"column":33},"end":{"line":133,"column":63}}]},"12":{"type":"branch","line":143,"loc":{"start":{"line":143,"column":7},"end":{"line":150,"column":1}},"locations":[{"start":{"line":143,"column":7},"end":{"line":150,"column":1}}]},"13":{"type":"branch","line":144,"loc":{"start":{"line":144,"column":21},"end":{"line":149,"column":3}},"locations":[{"start":{"line":144,"column":21},"end":{"line":149,"column":3}}]},"14":{"type":"branch","line":146,"loc":{"start":{"line":146,"column":17},"end":{"line":146,"column":35}},"locations":[{"start":{"line":146,"column":17},"end":{"line":146,"column":35}}]},"15":{"type":"branch","line":177,"loc":{"start":{"line":177,"column":7},"end":{"line":179,"column":1}},"locations":[{"start":{"line":177,"column":7},"end":{"line":179,"column":1}}]},"16":{"type":"branch","line":185,"loc":{"start":{"line":185,"column":29},"end":{"line":194,"column":3}},"locations":[{"start":{"line":185,"column":29},"end":{"line":194,"column":3}}]},"17":{"type":"branch","line":186,"loc":{"start":{"line":186,"column":39},"end":{"line":186,"column":51}},"locations":[{"start":{"line":186,"column":39},"end":{"line":186,"column":51}}]},"18":{"type":"branch","line":190,"loc":{"start":{"line":190,"column":60},"end":{"line":190,"column":69}},"locations":[{"start":{"line":190,"column":60},"end":{"line":190,"column":69}}]},"19":{"type":"branch","line":191,"loc":{"start":{"line":191,"column":2},"end":{"line":193,"column":3}},"locations":[{"start":{"line":191,"column":2},"end":{"line":193,"column":3}}]},"20":{"type":"branch","line":196,"loc":{"start":{"line":196,"column":29},"end":{"line":205,"column":3}},"locations":[{"start":{"line":196,"column":29},"end":{"line":205,"column":3}}]},"21":{"type":"branch","line":197,"loc":{"start":{"line":197,"column":39},"end":{"line":197,"column":51}},"locations":[{"start":{"line":197,"column":39},"end":{"line":197,"column":51}}]},"22":{"type":"branch","line":201,"loc":{"start":{"line":201,"column":60},"end":{"line":201,"column":69}},"locations":[{"start":{"line":201,"column":60},"end":{"line":201,"column":69}}]},"23":{"type":"branch","line":202,"loc":{"start":{"line":202,"column":2},"end":{"line":204,"column":3}},"locations":[{"start":{"line":202,"column":2},"end":{"line":204,"column":3}}]}},"b":{"0":[0],"1":[396],"2":[2],"3":[394],"4":[0],"5":[394],"6":[53],"7":[208],"8":[52],"9":[157],"10":[52],"11":[105],"12":[25],"13":[25],"14":[25],"15":[1],"16":[7],"17":[0],"18":[0],"19":[0],"20":[7],"21":[0],"22":[0],"23":[0]},"fnMap":{"0":{"name":"getResizedImage","decl":{"start":{"line":39,"column":7},"end":{"line":53,"column":1}},"loc":{"start":{"line":39,"column":7},"end":{"line":53,"column":1}},"line":39},"1":{"name":"getCloudinaryUrl","decl":{"start":{"line":64,"column":0},"end":{"line":88,"column":1}},"loc":{"start":{"line":64,"column":0},"end":{"line":88,"column":1}},"line":64},"2":{"name":"getSmithsonianUrl","decl":{"start":{"line":94,"column":0},"end":{"line":99,"column":1}},"loc":{"start":{"line":94,"column":0},"end":{"line":99,"column":1}},"line":94},"3":{"name":"getSrcSet","decl":{"start":{"line":109,"column":7},"end":{"line":113,"column":1}},"loc":{"start":{"line":109,"column":7},"end":{"line":113,"column":1}},"line":109},"4":{"name":"getSizes","decl":{"start":{"line":122,"column":7},"end":{"line":136,"column":1}},"loc":{"start":{"line":122,"column":7},"end":{"line":136,"column":1}},"line":122},"5":{"name":"preloadImage","decl":{"start":{"line":143,"column":7},"end":{"line":150,"column":1}},"loc":{"start":{"line":143,"column":7},"end":{"line":150,"column":1}},"line":143},"6":{"name":"img.onload","decl":{"start":{"line":146,"column":17},"end":{"line":146,"column":35}},"loc":{"start":{"line":146,"column":17},"end":{"line":146,"column":35}},"line":146},"7":{"name":"preloadImages","decl":{"start":{"line":158,"column":7},"end":{"line":171,"column":1}},"loc":{"start":{"line":158,"column":7},"end":{"line":171,"column":1}},"line":158},"8":{"name":"getLQIP","decl":{"start":{"line":177,"column":7},"end":{"line":179,"column":1}},"loc":{"start":{"line":177,"column":7},"end":{"line":179,"column":1}},"line":177}},"f":{"0":396,"1":394,"2":0,"3":53,"4":52,"5":25,"6":25,"7":0,"8":1}}
}
